'echo "最近访问时间：".date("j F Y H:i",fileatime($fileInfo))."<br/>";
        echo "最近修改时间：".date("j F Y H:i",filemtime($fileInfo))."<br/>";
        echo "是否为可执行文件：".(is_executable($fileInfo)?"是":"否")."<br/>";
        echo "是否为链接(Link)：".(is_link($fileInfo)?"是":"否")."<br/>";
        echo "是否可读：".(is_readable($fileInfo)?"是":"否")."<br/>";
        echo "是否可写：".(is_writable($fileInfo)?"是":"否")."<br/>";
        echo "文件绝对路径"：realpath($fileInfo);echo "最近访问时间：".date("j F Y H:i",fileatime($fileInfo))."<br/>";
        echo "最近修改时间：".date("j F Y H:i",filemtime($fileInfo))."<br/>";
        echo "是否为可执行文件：".(is_executable($fileInfo)?"是":"否")."<br/>";
        echo "是否为链接(Link)：".(is_link($fileInfo)?"是":"否")."<br/>";
        echo "是否可读：".(is_readable($fileInfo)?"是":"否")."<br/>";
        echo "是否可写：".(is_writable($fileInfo)?"是":"否")."<br/>";
        echo "文件绝对路径"：realpath($fileInfo);echo "最近访问时间：".date("j F Y H:i",fileatime($fileInfo))."<br/>";
        echo "最近修改时间：".date("j F Y H:i",filemtime($fileInfo))."<br/>";
        echo "是否为可执行文件：".(is_executable($fileInfo)?"是":"否")."<br/>";
        echo "是否为链接(Link)：".(is_link($fileInfo)?"是":"否")."<br/>";
        echo "是否可读：".(is_readable($fileInfo)?"是":"否")."<br/>";
        echo "是否可写：".(is_writable($fileInfo)?"是":"否")."<br/>";
        echo "文件绝对路径"：realpath($fileInfo);echo "最近访问时间：".date("j F Y H:i",fileatime($fileInfo))."<br/>";
        echo "最近修改时间：".date("j F Y H:i",filemtime($fileInfo))."<br/>";
        echo "是否为可执行文件：".(is_executable($fileInfo)?"是":"否")."<br/>";
        echo "是否为链接(Link)：".(is_link($fileInfo)?"是":"否")."<br/>";
        echo "是否可读：".(is_readable($fileInfo)?"是":"否")."<br/>";
        echo "是否可写：".(is_writable($fileInfo)?"是":"否")."<br/>";
        echo "文件绝对路径"：realpath($fileInfo);
'
'echo "最近访问时间：".date("j F Y H:i",fileatime($fileInfo))."<br/>";
        echo "最近修改时间：".date("j F Y H:i",filemtime($fileInfo))."<br/>";
        echo "是否为可执行文件：".(is_executable($fileInfo)?"是":"否")."<br/>";
        echo "是否为链接(Link)：".(is_link($fileInfo)?"是":"否")."<br/>";
        echo "是否可读：".(is_readable($fileInfo)?"是":"否")."<br/>";
        echo "是否可写：".(is_writable($fileInfo)?"是":"否")."<br/>";
        echo "文件绝对路径"：realpath($fileInfo);echo "最近访问时间：".date("j F Y H:i",fileatime($fileInfo))."<br/>";
        echo "最近修改时间：".date("j F Y H:i",filemtime($fileInfo))."<br/>";
        echo "是否为可执行文件：".(is_executable($fileInfo)?"是":"否")."<br/>";
        echo "是否为链接(Link)：".(is_link($fileInfo)?"是":"否")."<br/>";
        echo "是否可读：".(is_readable($fileInfo)?"是":"否")."<br/>";
        echo "是否可写：".(is_writable($fileInfo)?"是":"否")."<br/>";
        echo "文件绝对路径"：realpath($fileInfo);echo "最近访问时间：".date("j F Y H:i",fileatime($fileInfo))."<br/>";
        echo "最近修改时间：".date("j F Y H:i",filemtime($fileInfo))."<br/>";
        echo "是否为可执行文件：".(is_executable($fileInfo)?"是":"否")."<br/>";
        echo "是否为链接(Link)：".(is_link($fileInfo)?"是":"否")."<br/>";
        echo "是否可读：".(is_readable($fileInfo)?"是":"否")."<br/>";
        echo "是否可写：".(is_writable($fileInfo)?"是":"否")."<br/>";
        echo "文件绝对路径"：realpath($fileInfo);echo "最近访问时间：".date("j F Y H:i",fileatime($fileInfo))."<br/>";
        echo "最近修改时间：".date("j F Y H:i",filemtime($fileInfo))."<br/>";
        echo "是否为可执行文件：".(is_executable($fileInfo)?"是":"否")."<br/>";
        echo "是否为链接(Link)：".(is_link($fileInfo)?"是":"否")."<br/>";
        echo "是否可读：".(is_readable($fileInfo)?"是":"否")."<br/>";
        echo "是否可写：".(is_writable($fileInfo)?"是":"否")."<br/>";
        echo "文件绝对路径"：realpath($fileInfo);
'
'echo "最近访问时间：".date("j F Y H:i",fileatime($fileInfo))."<br/>";
        echo "最近修改时间：".date("j F Y H:i",filemtime($fileInfo))."<br/>";
        echo "是否为可执行文件：".(is_executable($fileInfo)?"是":"否")."<br/>";
        echo "是否为链接(Link)：".(is_link($fileInfo)?"是":"否")."<br/>";
        echo "是否可读：".(is_readable($fileInfo)?"是":"否")."<br/>";
        echo "是否可写：".(is_writable($fileInfo)?"是":"否")."<br/>";
        echo "文件绝对路径"：realpath($fileInfo);echo "最近访问时间：".date("j F Y H:i",fileatime($fileInfo))."<br/>";
        echo "最近修改时间：".date("j F Y H:i",filemtime($fileInfo))."<br/>";
        echo "是否为可执行文件：".(is_executable($fileInfo)?"是":"否")."<br/>";
        echo "是否为链接(Link)：".(is_link($fileInfo)?"是":"否")."<br/>";
        echo "是否可读：".(is_readable($fileInfo)?"是":"否")."<br/>";
        echo "是否可写：".(is_writable($fileInfo)?"是":"否")."<br/>";
        echo "文件绝对路径"：realpath($fileInfo);echo "最近访问时间：".date("j F Y H:i",fileatime($fileInfo))."<br/>";
        echo "最近修改时间：".date("j F Y H:i",filemtime($fileInfo))."<br/>";
        echo "是否为可执行文件：".(is_executable($fileInfo)?"是":"否")."<br/>";
        echo "是否为链接(Link)：".(is_link($fileInfo)?"是":"否")."<br/>";
        echo "是否可读：".(is_readable($fileInfo)?"是":"否")."<br/>";
        echo "是否可写：".(is_writable($fileInfo)?"是":"否")."<br/>";
        echo "文件绝对路径"：realpath($fileInfo);echo "最近访问时间：".date("j F Y H:i",fileatime($fileInfo))."<br/>";
        echo "最近修改时间：".date("j F Y H:i",filemtime($fileInfo))."<br/>";
        echo "是否为可执行文件：".(is_executable($fileInfo)?"是":"否")."<br/>";
        echo "是否为链接(Link)：".(is_link($fileInfo)?"是":"否")."<br/>";
        echo "是否可读：".(is_readable($fileInfo)?"是":"否")."<br/>";
        echo "是否可写：".(is_writable($fileInfo)?"是":"否")."<br/>";
        echo "文件绝对路径"：realpath($fileInfo);
'
'echo "最近访问时间：".date("j F Y H:i",fileatime($fileInfo))."<br/>";
        echo "最近修改时间：".date("j F Y H:i",filemtime($fileInfo))."<br/>";
        echo "是否为可执行文件：".(is_executable($fileInfo)?"是":"否")."<br/>";
        echo "是否为链接(Link)：".(is_link($fileInfo)?"是":"否")."<br/>";
        echo "是否可读：".(is_readable($fileInfo)?"是":"否")."<br/>";
        echo "是否可写：".(is_writable($fileInfo)?"是":"否")."<br/>";
        echo "文件绝对路径"：realpath($fileInfo);echo "最近访问时间：".date("j F Y H:i",fileatime($fileInfo))."<br/>";
        echo "最近修改时间：".date("j F Y H:i",filemtime($fileInfo))."<br/>";
        echo "是否为可执行文件：".(is_executable($fileInfo)?"是":"否")."<br/>";
        echo "是否为链接(Link)：".(is_link($fileInfo)?"是":"否")."<br/>";
        echo "是否可读：".(is_readable($fileInfo)?"是":"否")."<br/>";
        echo "是否可写：".(is_writable($fileInfo)?"是":"否")."<br/>";
        echo "文件绝对路径"：realpath($fileInfo);echo "最近访问时间：".date("j F Y H:i",fileatime($fileInfo))."<br/>";
        echo "最近修改时间：".date("j F Y H:i",filemtime($fileInfo))."<br/>";
        echo "是否为可执行文件：".(is_executable($fileInfo)?"是":"否")."<br/>";
        echo "是否为链接(Link)：".(is_link($fileInfo)?"是":"否")."<br/>";
        echo "是否可读：".(is_readable($fileInfo)?"是":"否")."<br/>";
        echo "是否可写：".(is_writable($fileInfo)?"是":"否")."<br/>";
        echo "文件绝对路径"：realpath($fileInfo);echo "最近访问时间：".date("j F Y H:i",fileatime($fileInfo))."<br/>";
        echo "最近修改时间：".date("j F Y H:i",filemtime($fileInfo))."<br/>";
        echo "是否为可执行文件：".(is_executable($fileInfo)?"是":"否")."<br/>";
        echo "是否为链接(Link)：".(is_link($fileInfo)?"是":"否")."<br/>";
        echo "是否可读：".(is_readable($fileInfo)?"是":"否")."<br/>";
        echo "是否可写：".(is_writable($fileInfo)?"是":"否")."<br/>";
        echo "文件绝对路径"：realpath($fileInfo);
'
'echo "最近访问时间：".date("j F Y H:i",fileatime($fileInfo))."<br/>";
        echo "最近修改时间：".date("j F Y H:i",filemtime($fileInfo))."<br/>";
        echo "是否为可执行文件：".(is_executable($fileInfo)?"是":"否")."<br/>";
        echo "是否为链接(Link)：".(is_link($fileInfo)?"是":"否")."<br/>";
        echo "是否可读：".(is_readable($fileInfo)?"是":"否")."<br/>";
        echo "是否可写：".(is_writable($fileInfo)?"是":"否")."<br/>";
        echo "文件绝对路径"：realpath($fileInfo);echo "最近访问时间：".date("j F Y H:i",fileatime($fileInfo))."<br/>";
        echo "最近修改时间：".date("j F Y H:i",filemtime($fileInfo))."<br/>";
        echo "是否为可执行文件：".(is_executable($fileInfo)?"是":"否")."<br/>";
        echo "是否为链接(Link)：".(is_link($fileInfo)?"是":"否")."<br/>";
        echo "是否可读：".(is_readable($fileInfo)?"是":"否")."<br/>";
        echo "是否可写：".(is_writable($fileInfo)?"是":"否")."<br/>";
        echo "文件绝对路径"：realpath($fileInfo);echo "最近访问时间：".date("j F Y H:i",fileatime($fileInfo))."<br/>";
        echo "最近修改时间：".date("j F Y H:i",filemtime($fileInfo))."<br/>";
        echo "是否为可执行文件：".(is_executable($fileInfo)?"是":"否")."<br/>";
        echo "是否为链接(Link)：".(is_link($fileInfo)?"是":"否")."<br/>";
        echo "是否可读：".(is_readable($fileInfo)?"是":"否")."<br/>";
        echo "是否可写：".(is_writable($fileInfo)?"是":"否")."<br/>";
        echo "文件绝对路径"：realpath($fileInfo);echo "最近访问时间：".date("j F Y H:i",fileatime($fileInfo))."<br/>";
        echo "最近修改时间：".date("j F Y H:i",filemtime($fileInfo))."<br/>";
        echo "是否为可执行文件：".(is_executable($fileInfo)?"是":"否")."<br/>";
        echo "是否为链接(Link)：".(is_link($fileInfo)?"是":"否")."<br/>";
        echo "是否可读：".(is_readable($fileInfo)?"是":"否")."<br/>";
        echo "是否可写：".(is_writable($fileInfo)?"是":"否")."<br/>";
        echo "文件绝对路径"：realpath($fileInfo);
'
'echo "最近访问时间：".date("j F Y H:i",fileatime($fileInfo))."<br/>";
        echo "最近修改时间：".date("j F Y H:i",filemtime($fileInfo))."<br/>";
        echo "是否为可执行文件：".(is_executable($fileInfo)?"是":"否")."<br/>";
        echo "是否为链接(Link)：".(is_link($fileInfo)?"是":"否")."<br/>";
        echo "是否可读：".(is_readable($fileInfo)?"是":"否")."<br/>";
        echo "是否可写：".(is_writable($fileInfo)?"是":"否")."<br/>";
        echo "文件绝对路径"：realpath($fileInfo);echo "最近访问时间：".date("j F Y H:i",fileatime($fileInfo))."<br/>";
        echo "最近修改时间：".date("j F Y H:i",filemtime($fileInfo))."<br/>";
        echo "是否为可执行文件：".(is_executable($fileInfo)?"是":"否")."<br/>";
        echo "是否为链接(Link)：".(is_link($fileInfo)?"是":"否")."<br/>";
        echo "是否可读：".(is_readable($fileInfo)?"是":"否")."<br/>";
        echo "是否可写：".(is_writable($fileInfo)?"是":"否")."<br/>";
        echo "文件绝对路径"：realpath($fileInfo);echo "最近访问时间：".date("j F Y H:i",fileatime($fileInfo))."<br/>";
        echo "最近修改时间：".date("j F Y H:i",filemtime($fileInfo))."<br/>";
        echo "是否为可执行文件：".(is_executable($fileInfo)?"是":"否")."<br/>";
        echo "是否为链接(Link)：".(is_link($fileInfo)?"是":"否")."<br/>";
        echo "是否可读：".(is_readable($fileInfo)?"是":"否")."<br/>";
        echo "是否可写：".(is_writable($fileInfo)?"是":"否")."<br/>";
        echo "文件绝对路径"：realpath($fileInfo);echo "最近访问时间：".date("j F Y H:i",fileatime($fileInfo))."<br/>";
        echo "最近修改时间：".date("j F Y H:i",filemtime($fileInfo))."<br/>";
        echo "是否为可执行文件：".(is_executable($fileInfo)?"是":"否")."<br/>";
        echo "是否为链接(Link)：".(is_link($fileInfo)?"是":"否")."<br/>";
        echo "是否可读：".(is_readable($fileInfo)?"是":"否")."<br/>";
        echo "是否可写：".(is_writable($fileInfo)?"是":"否")."<br/>";
        echo "文件绝对路径"：realpath($fileInfo);
'
'echo "最近访问时间：".date("j F Y H:i",fileatime($fileInfo))."<br/>";
        echo "最近修改时间：".date("j F Y H:i",filemtime($fileInfo))."<br/>";
        echo "是否为可执行文件：".(is_executable($fileInfo)?"是":"否")."<br/>";
        echo "是否为链接(Link)：".(is_link($fileInfo)?"是":"否")."<br/>";
        echo "是否可读：".(is_readable($fileInfo)?"是":"否")."<br/>";
        echo "是否可写：".(is_writable($fileInfo)?"是":"否")."<br/>";
        echo "文件绝对路径"：realpath($fileInfo);echo "最近访问时间：".date("j F Y H:i",fileatime($fileInfo))."<br/>";
        echo "最近修改时间：".date("j F Y H:i",filemtime($fileInfo))."<br/>";
        echo "是否为可执行文件：".(is_executable($fileInfo)?"是":"否")."<br/>";
        echo "是否为链接(Link)：".(is_link($fileInfo)?"是":"否")."<br/>";
        echo "是否可读：".(is_readable($fileInfo)?"是":"否")."<br/>";
        echo "是否可写：".(is_writable($fileInfo)?"是":"否")."<br/>";
        echo "文件绝对路径"：realpath($fileInfo);echo "最近访问时间：".date("j F Y H:i",fileatime($fileInfo))."<br/>";
        echo "最近修改时间：".date("j F Y H:i",filemtime($fileInfo))."<br/>";
        echo "是否为可执行文件：".(is_executable($fileInfo)?"是":"否")."<br/>";
        echo "是否为链接(Link)：".(is_link($fileInfo)?"是":"否")."<br/>";
        echo "是否可读：".(is_readable($fileInfo)?"是":"否")."<br/>";
        echo "是否可写：".(is_writable($fileInfo)?"是":"否")."<br/>";
        echo "文件绝对路径"：realpath($fileInfo);echo "最近访问时间：".date("j F Y H:i",fileatime($fileInfo))."<br/>";
        echo "最近修改时间：".date("j F Y H:i",filemtime($fileInfo))."<br/>";
        echo "是否为可执行文件：".(is_executable($fileInfo)?"是":"否")."<br/>";
        echo "是否为链接(Link)：".(is_link($fileInfo)?"是":"否")."<br/>";
        echo "是否可读：".(is_readable($fileInfo)?"是":"否")."<br/>";
        echo "是否可写：".(is_writable($fileInfo)?"是":"否")."<br/>";
        echo "文件绝对路径"：realpath($fileInfo);
'
'echo "最近访问时间：".date("j F Y H:i",fileatime($fileInfo))."<br/>";
        echo "最近修改时间：".date("j F Y H:i",filemtime($fileInfo))."<br/>";
        echo "是否为可执行文件：".(is_executable($fileInfo)?"是":"否")."<br/>";
        echo "是否为链接(Link)：".(is_link($fileInfo)?"是":"否")."<br/>";
        echo "是否可读：".(is_readable($fileInfo)?"是":"否")."<br/>";
        echo "是否可写：".(is_writable($fileInfo)?"是":"否")."<br/>";
        echo "文件绝对路径"：realpath($fileInfo);echo "最近访问时间：".date("j F Y H:i",fileatime($fileInfo))."<br/>";
        echo "最近修改时间：".date("j F Y H:i",filemtime($fileInfo))."<br/>";
        echo "是否为可执行文件：".(is_executable($fileInfo)?"是":"否")."<br/>";
        echo "是否为链接(Link)：".(is_link($fileInfo)?"是":"否")."<br/>";
        echo "是否可读：".(is_readable($fileInfo)?"是":"否")."<br/>";
        echo "是否可写：".(is_writable($fileInfo)?"是":"否")."<br/>";
        echo "文件绝对路径"：realpath($fileInfo);echo "最近访问时间：".date("j F Y H:i",fileatime($fileInfo))."<br/>";
        echo "最近修改时间：".date("j F Y H:i",filemtime($fileInfo))."<br/>";
        echo "是否为可执行文件：".(is_executable($fileInfo)?"是":"否")."<br/>";
        echo "是否为链接(Link)：".(is_link($fileInfo)?"是":"否")."<br/>";
        echo "是否可读：".(is_readable($fileInfo)?"是":"否")."<br/>";
        echo "是否可写：".(is_writable($fileInfo)?"是":"否")."<br/>";
        echo "文件绝对路径"：realpath($fileInfo);echo "最近访问时间：".date("j F Y H:i",fileatime($fileInfo))."<br/>";
        echo "最近修改时间：".date("j F Y H:i",filemtime($fileInfo))."<br/>";
        echo "是否为可执行文件：".(is_executable($fileInfo)?"是":"否")."<br/>";
        echo "是否为链接(Link)：".(is_link($fileInfo)?"是":"否")."<br/>";
        echo "是否可读：".(is_readable($fileInfo)?"是":"否")."<br/>";
        echo "是否可写：".(is_writable($fileInfo)?"是":"否")."<br/>";
        echo "文件绝对路径"：realpath($fileInfo);
'
'echo "最近访问时间：".date("j F Y H:i",fileatime($fileInfo))."<br/>";
        echo "最近修改时间：".date("j F Y H:i",filemtime($fileInfo))."<br/>";
        echo "是否为可执行文件：".(is_executable($fileInfo)?"是":"否")."<br/>";
        echo "是否为链接(Link)：".(is_link($fileInfo)?"是":"否")."<br/>";
        echo "是否可读：".(is_readable($fileInfo)?"是":"否")."<br/>";
        echo "是否可写：".(is_writable($fileInfo)?"是":"否")."<br/>";
        echo "文件绝对路径"：realpath($fileInfo);echo "最近访问时间：".date("j F Y H:i",fileatime($fileInfo))."<br/>";
        echo "最近修改时间：".date("j F Y H:i",filemtime($fileInfo))."<br/>";
        echo "是否为可执行文件：".(is_executable($fileInfo)?"是":"否")."<br/>";
        echo "是否为链接(Link)：".(is_link($fileInfo)?"是":"否")."<br/>";
        echo "是否可读：".(is_readable($fileInfo)?"是":"否")."<br/>";
        echo "是否可写：".(is_writable($fileInfo)?"是":"否")."<br/>";
        echo "文件绝对路径"：realpath($fileInfo);echo "最近访问时间：".date("j F Y H:i",fileatime($fileInfo))."<br/>";
        echo "最近修改时间：".date("j F Y H:i",filemtime($fileInfo))."<br/>";
        echo "是否为可执行文件：".(is_executable($fileInfo)?"是":"否")."<br/>";
        echo "是否为链接(Link)：".(is_link($fileInfo)?"是":"否")."<br/>";
        echo "是否可读：".(is_readable($fileInfo)?"是":"否")."<br/>";
        echo "是否可写：".(is_writable($fileInfo)?"是":"否")."<br/>";
        echo "文件绝对路径"：realpath($fileInfo);echo "最近访问时间：".date("j F Y H:i",fileatime($fileInfo))."<br/>";
        echo "最近修改时间：".date("j F Y H:i",filemtime($fileInfo))."<br/>";
        echo "是否为可执行文件：".(is_executable($fileInfo)?"是":"否")."<br/>";
        echo "是否为链接(Link)：".(is_link($fileInfo)?"是":"否")."<br/>";
        echo "是否可读：".(is_readable($fileInfo)?"是":"否")."<br/>";
        echo "是否可写：".(is_writable($fileInfo)?"是":"否")."<br/>";
        echo "文件绝对路径"：realpath($fileInfo);
'
'echo "最近访问时间：".date("j F Y H:i",fileatime($fileInfo))."<br/>";
        echo "最近修改时间：".date("j F Y H:i",filemtime($fileInfo))."<br/>";
        echo "是否为可执行文件：".(is_executable($fileInfo)?"是":"否")."<br/>";
        echo "是否为链接(Link)：".(is_link($fileInfo)?"是":"否")."<br/>";
        echo "是否可读：".(is_readable($fileInfo)?"是":"否")."<br/>";
        echo "是否可写：".(is_writable($fileInfo)?"是":"否")."<br/>";
        echo "文件绝对路径"：realpath($fileInfo);echo "最近访问时间：".date("j F Y H:i",fileatime($fileInfo))."<br/>";
        echo "最近修改时间：".date("j F Y H:i",filemtime($fileInfo))."<br/>";
        echo "是否为可执行文件：".(is_executable($fileInfo)?"是":"否")."<br/>";
        echo "是否为链接(Link)：".(is_link($fileInfo)?"是":"否")."<br/>";
        echo "是否可读：".(is_readable($fileInfo)?"是":"否")."<br/>";
        echo "是否可写：".(is_writable($fileInfo)?"是":"否")."<br/>";
        echo "文件绝对路径"：realpath($fileInfo);echo "最近访问时间：".date("j F Y H:i",fileatime($fileInfo))."<br/>";
        echo "最近修改时间：".date("j F Y H:i",filemtime($fileInfo))."<br/>";
        echo "是否为可执行文件：".(is_executable($fileInfo)?"是":"否")."<br/>";
        echo "是否为链接(Link)：".(is_link($fileInfo)?"是":"否")."<br/>";
        echo "是否可读：".(is_readable($fileInfo)?"是":"否")."<br/>";
        echo "是否可写：".(is_writable($fileInfo)?"是":"否")."<br/>";
        echo "文件绝对路径"：realpath($fileInfo);echo "最近访问时间：".date("j F Y H:i",fileatime($fileInfo))."<br/>";
        echo "最近修改时间：".date("j F Y H:i",filemtime($fileInfo))."<br/>";
        echo "是否为可执行文件：".(is_executable($fileInfo)?"是":"否")."<br/>";
        echo "是否为链接(Link)：".(is_link($fileInfo)?"是":"否")."<br/>";
        echo "是否可读：".(is_readable($fileInfo)?"是":"否")."<br/>";
        echo "是否可写：".(is_writable($fileInfo)?"是":"否")."<br/>";
        echo "文件绝对路径"：realpath($fileInfo);
'
'echo "最近访问时间：".date("j F Y H:i",fileatime($fileInfo))."<br/>";
        echo "最近修改时间：".date("j F Y H:i",filemtime($fileInfo))."<br/>";
        echo "是否为可执行文件：".(is_executable($fileInfo)?"是":"否")."<br/>";
        echo "是否为链接(Link)：".(is_link($fileInfo)?"是":"否")."<br/>";
        echo "是否可读：".(is_readable($fileInfo)?"是":"否")."<br/>";
        echo "是否可写：".(is_writable($fileInfo)?"是":"否")."<br/>";
        echo "文件绝对路径"：realpath($fileInfo);echo "最近访问时间：".date("j F Y H:i",fileatime($fileInfo))."<br/>";
        echo "最近修改时间：".date("j F Y H:i",filemtime($fileInfo))."<br/>";
        echo "是否为可执行文件：".(is_executable($fileInfo)?"是":"否")."<br/>";
        echo "是否为链接(Link)：".(is_link($fileInfo)?"是":"否")."<br/>";
        echo "是否可读：".(is_readable($fileInfo)?"是":"否")."<br/>";
        echo "是否可写：".(is_writable($fileInfo)?"是":"否")."<br/>";
        echo "文件绝对路径"：realpath($fileInfo);echo "最近访问时间：".date("j F Y H:i",fileatime($fileInfo))."<br/>";
        echo "最近修改时间：".date("j F Y H:i",filemtime($fileInfo))."<br/>";
        echo "是否为可执行文件：".(is_executable($fileInfo)?"是":"否")."<br/>";
        echo "是否为链接(Link)：".(is_link($fileInfo)?"是":"否")."<br/>";
        echo "是否可读：".(is_readable($fileInfo)?"是":"否")."<br/>";
        echo "是否可写：".(is_writable($fileInfo)?"是":"否")."<br/>";
        echo "文件绝对路径"：realpath($fileInfo);echo "最近访问时间：".date("j F Y H:i",fileatime($fileInfo))."<br/>";
        echo "最近修改时间：".date("j F Y H:i",filemtime($fileInfo))."<br/>";
        echo "是否为可执行文件：".(is_executable($fileInfo)?"是":"否")."<br/>";
        echo "是否为链接(Link)：".(is_link($fileInfo)?"是":"否")."<br/>";
        echo "是否可读：".(is_readable($fileInfo)?"是":"否")."<br/>";
        echo "是否可写：".(is_writable($fileInfo)?"是":"否")."<br/>";
        echo "文件绝对路径"：realpath($fileInfo);
'
2016-02-22 11:57:18---'echo "最近访问时间：".date("j F Y H:i",fileatime($fileInfo))."<br/>";
        echo "最近修改时间：".date("j F Y H:i",filemtime($fileInfo))."<br/>";
        echo "是否为可执行文件：".(is_executable($fileInfo)?"是":"否")."<br/>";
        echo "是否为链接(Link)：".(is_link($fileInfo)?"是":"否")."<br/>";
        echo "是否可读：".(is_readable($fileInfo)?"是":"否")."<br/>";
        echo "是否可写：".(is_writable($fileInfo)?"是":"否")."<br/>";
        echo "文件绝对路径"：realpath($fileInfo);echo "最近访问时间：".date("j F Y H:i",fileatime($fileInfo))."<br/>";
        echo "最近修改时间：".date("j F Y H:i",filemtime($fileInfo))."<br/>";
        echo "是否为可执行文件：".(is_executable($fileInfo)?"是":"否")."<br/>";
        echo "是否为链接(Link)：".(is_link($fileInfo)?"是":"否")."<br/>";
        echo "是否可读：".(is_readable($fileInfo)?"是":"否")."<br/>";
        echo "是否可写：".(is_writable($fileInfo)?"是":"否")."<br/>";
        echo "文件绝对路径"：realpath($fileInfo);echo "最近访问时间：".date("j F Y H:i",fileatime($fileInfo))."<br/>";
        echo "最近修改时间：".date("j F Y H:i",filemtime($fileInfo))."<br/>";
        echo "是否为可执行文件：".(is_executable($fileInfo)?"是":"否")."<br/>";
        echo "是否为链接(Link)：".(is_link($fileInfo)?"是":"否")."<br/>";
        echo "是否可读：".(is_readable($fileInfo)?"是":"否")."<br/>";
        echo "是否可写：".(is_writable($fileInfo)?"是":"否")."<br/>";
        echo "文件绝对路径"：realpath($fileInfo);echo "最近访问时间：".date("j F Y H:i",fileatime($fileInfo))."<br/>";
        echo "最近修改时间：".date("j F Y H:i",filemtime($fileInfo))."<br/>";
        echo "是否为可执行文件：".(is_executable($fileInfo)?"是":"否")."<br/>";
        echo "是否为链接(Link)：".(is_link($fileInfo)?"是":"否")."<br/>";
        echo "是否可读：".(is_readable($fileInfo)?"是":"否")."<br/>";
        echo "是否可写：".(is_writable($fileInfo)?"是":"否")."<br/>";
        echo "文件绝对路径"：realpath($fileInfo);
'
2016-02-22 11:57:43---'echo "最近访问时间：".date("j F Y H:i",fileatime($fileInfo))."<br/>";
        echo "最近修改时间：".date("j F Y H:i",filemtime($fileInfo))."<br/>";
        echo "是否为可执行文件：".(is_executable($fileInfo)?"是":"否")."<br/>";
        echo "是否为链接(Link)：".(is_link($fileInfo)?"是":"否")."<br/>";
        echo "是否可读：".(is_readable($fileInfo)?"是":"否")."<br/>";
        echo "是否可写：".(is_writable($fileInfo)?"是":"否")."<br/>";
        echo "文件绝对路径"：realpath($fileInfo);echo "最近访问时间：".date("j F Y H:i",fileatime($fileInfo))."<br/>";
        echo "最近修改时间：".date("j F Y H:i",filemtime($fileInfo))."<br/>";
        echo "是否为可执行文件：".(is_executable($fileInfo)?"是":"否")."<br/>";
        echo "是否为链接(Link)：".(is_link($fileInfo)?"是":"否")."<br/>";
        echo "是否可读：".(is_readable($fileInfo)?"是":"否")."<br/>";
        echo "是否可写：".(is_writable($fileInfo)?"是":"否")."<br/>";
        echo "文件绝对路径"：realpath($fileInfo);echo "最近访问时间：".date("j F Y H:i",fileatime($fileInfo))."<br/>";
        echo "最近修改时间：".date("j F Y H:i",filemtime($fileInfo))."<br/>";
        echo "是否为可执行文件：".(is_executable($fileInfo)?"是":"否")."<br/>";
        echo "是否为链接(Link)：".(is_link($fileInfo)?"是":"否")."<br/>";
        echo "是否可读：".(is_readable($fileInfo)?"是":"否")."<br/>";
        echo "是否可写：".(is_writable($fileInfo)?"是":"否")."<br/>";
        echo "文件绝对路径"：realpath($fileInfo);echo "最近访问时间：".date("j F Y H:i",fileatime($fileInfo))."<br/>";
        echo "最近修改时间：".date("j F Y H:i",filemtime($fileInfo))."<br/>";
        echo "是否为可执行文件：".(is_executable($fileInfo)?"是":"否")."<br/>";
        echo "是否为链接(Link)：".(is_link($fileInfo)?"是":"否")."<br/>";
        echo "是否可读：".(is_readable($fileInfo)?"是":"否")."<br/>";
        echo "是否可写：".(is_writable($fileInfo)?"是":"否")."<br/>";
        echo "文件绝对路径"：realpath($fileInfo);
'
2016-02-22 11:57:45---'echo "最近访问时间：".date("j F Y H:i",fileatime($fileInfo))."<br/>";
        echo "最近修改时间：".date("j F Y H:i",filemtime($fileInfo))."<br/>";
        echo "是否为可执行文件：".(is_executable($fileInfo)?"是":"否")."<br/>";
        echo "是否为链接(Link)：".(is_link($fileInfo)?"是":"否")."<br/>";
        echo "是否可读：".(is_readable($fileInfo)?"是":"否")."<br/>";
        echo "是否可写：".(is_writable($fileInfo)?"是":"否")."<br/>";
        echo "文件绝对路径"：realpath($fileInfo);echo "最近访问时间：".date("j F Y H:i",fileatime($fileInfo))."<br/>";
        echo "最近修改时间：".date("j F Y H:i",filemtime($fileInfo))."<br/>";
        echo "是否为可执行文件：".(is_executable($fileInfo)?"是":"否")."<br/>";
        echo "是否为链接(Link)：".(is_link($fileInfo)?"是":"否")."<br/>";
        echo "是否可读：".(is_readable($fileInfo)?"是":"否")."<br/>";
        echo "是否可写：".(is_writable($fileInfo)?"是":"否")."<br/>";
        echo "文件绝对路径"：realpath($fileInfo);echo "最近访问时间：".date("j F Y H:i",fileatime($fileInfo))."<br/>";
        echo "最近修改时间：".date("j F Y H:i",filemtime($fileInfo))."<br/>";
        echo "是否为可执行文件：".(is_executable($fileInfo)?"是":"否")."<br/>";
        echo "是否为链接(Link)：".(is_link($fileInfo)?"是":"否")."<br/>";
        echo "是否可读：".(is_readable($fileInfo)?"是":"否")."<br/>";
        echo "是否可写：".(is_writable($fileInfo)?"是":"否")."<br/>";
        echo "文件绝对路径"：realpath($fileInfo);echo "最近访问时间：".date("j F Y H:i",fileatime($fileInfo))."<br/>";
        echo "最近修改时间：".date("j F Y H:i",filemtime($fileInfo))."<br/>";
        echo "是否为可执行文件：".(is_executable($fileInfo)?"是":"否")."<br/>";
        echo "是否为链接(Link)：".(is_link($fileInfo)?"是":"否")."<br/>";
        echo "是否可读：".(is_readable($fileInfo)?"是":"否")."<br/>";
        echo "是否可写：".(is_writable($fileInfo)?"是":"否")."<br/>";
        echo "文件绝对路径"：realpath($fileInfo);
'
2016-02-22 11:57:46---'echo "最近访问时间：".date("j F Y H:i",fileatime($fileInfo))."<br/>";
        echo "最近修改时间：".date("j F Y H:i",filemtime($fileInfo))."<br/>";
        echo "是否为可执行文件：".(is_executable($fileInfo)?"是":"否")."<br/>";
        echo "是否为链接(Link)：".(is_link($fileInfo)?"是":"否")."<br/>";
        echo "是否可读：".(is_readable($fileInfo)?"是":"否")."<br/>";
        echo "是否可写：".(is_writable($fileInfo)?"是":"否")."<br/>";
        echo "文件绝对路径"：realpath($fileInfo);echo "最近访问时间：".date("j F Y H:i",fileatime($fileInfo))."<br/>";
        echo "最近修改时间：".date("j F Y H:i",filemtime($fileInfo))."<br/>";
        echo "是否为可执行文件：".(is_executable($fileInfo)?"是":"否")."<br/>";
        echo "是否为链接(Link)：".(is_link($fileInfo)?"是":"否")."<br/>";
        echo "是否可读：".(is_readable($fileInfo)?"是":"否")."<br/>";
        echo "是否可写：".(is_writable($fileInfo)?"是":"否")."<br/>";
        echo "文件绝对路径"：realpath($fileInfo);echo "最近访问时间：".date("j F Y H:i",fileatime($fileInfo))."<br/>";
        echo "最近修改时间：".date("j F Y H:i",filemtime($fileInfo))."<br/>";
        echo "是否为可执行文件：".(is_executable($fileInfo)?"是":"否")."<br/>";
        echo "是否为链接(Link)：".(is_link($fileInfo)?"是":"否")."<br/>";
        echo "是否可读：".(is_readable($fileInfo)?"是":"否")."<br/>";
        echo "是否可写：".(is_writable($fileInfo)?"是":"否")."<br/>";
        echo "文件绝对路径"：realpath($fileInfo);echo "最近访问时间：".date("j F Y H:i",fileatime($fileInfo))."<br/>";
        echo "最近修改时间：".date("j F Y H:i",filemtime($fileInfo))."<br/>";
        echo "是否为可执行文件：".(is_executable($fileInfo)?"是":"否")."<br/>";
        echo "是否为链接(Link)：".(is_link($fileInfo)?"是":"否")."<br/>";
        echo "是否可读：".(is_readable($fileInfo)?"是":"否")."<br/>";
        echo "是否可写：".(is_writable($fileInfo)?"是":"否")."<br/>";
        echo "文件绝对路径"：realpath($fileInfo);
'
2016-02-22 11:57:47---'echo "最近访问时间：".date("j F Y H:i",fileatime($fileInfo))."<br/>";
        echo "最近修改时间：".date("j F Y H:i",filemtime($fileInfo))."<br/>";
        echo "是否为可执行文件：".(is_executable($fileInfo)?"是":"否")."<br/>";
        echo "是否为链接(Link)：".(is_link($fileInfo)?"是":"否")."<br/>";
        echo "是否可读：".(is_readable($fileInfo)?"是":"否")."<br/>";
        echo "是否可写：".(is_writable($fileInfo)?"是":"否")."<br/>";
        echo "文件绝对路径"：realpath($fileInfo);echo "最近访问时间：".date("j F Y H:i",fileatime($fileInfo))."<br/>";
        echo "最近修改时间：".date("j F Y H:i",filemtime($fileInfo))."<br/>";
        echo "是否为可执行文件：".(is_executable($fileInfo)?"是":"否")."<br/>";
        echo "是否为链接(Link)：".(is_link($fileInfo)?"是":"否")."<br/>";
        echo "是否可读：".(is_readable($fileInfo)?"是":"否")."<br/>";
        echo "是否可写：".(is_writable($fileInfo)?"是":"否")."<br/>";
        echo "文件绝对路径"：realpath($fileInfo);echo "最近访问时间：".date("j F Y H:i",fileatime($fileInfo))."<br/>";
        echo "最近修改时间：".date("j F Y H:i",filemtime($fileInfo))."<br/>";
        echo "是否为可执行文件：".(is_executable($fileInfo)?"是":"否")."<br/>";
        echo "是否为链接(Link)：".(is_link($fileInfo)?"是":"否")."<br/>";
        echo "是否可读：".(is_readable($fileInfo)?"是":"否")."<br/>";
        echo "是否可写：".(is_writable($fileInfo)?"是":"否")."<br/>";
        echo "文件绝对路径"：realpath($fileInfo);echo "最近访问时间：".date("j F Y H:i",fileatime($fileInfo))."<br/>";
        echo "最近修改时间：".date("j F Y H:i",filemtime($fileInfo))."<br/>";
        echo "是否为可执行文件：".(is_executable($fileInfo)?"是":"否")."<br/>";
        echo "是否为链接(Link)：".(is_link($fileInfo)?"是":"否")."<br/>";
        echo "是否可读：".(is_readable($fileInfo)?"是":"否")."<br/>";
        echo "是否可写：".(is_writable($fileInfo)?"是":"否")."<br/>";
        echo "文件绝对路径"：realpath($fileInfo);
'
2016-02-22 11:57:48---'echo "最近访问时间：".date("j F Y H:i",fileatime($fileInfo))."<br/>";
        echo "最近修改时间：".date("j F Y H:i",filemtime($fileInfo))."<br/>";
        echo "是否为可执行文件：".(is_executable($fileInfo)?"是":"否")."<br/>";
        echo "是否为链接(Link)：".(is_link($fileInfo)?"是":"否")."<br/>";
        echo "是否可读：".(is_readable($fileInfo)?"是":"否")."<br/>";
        echo "是否可写：".(is_writable($fileInfo)?"是":"否")."<br/>";
        echo "文件绝对路径"：realpath($fileInfo);echo "最近访问时间：".date("j F Y H:i",fileatime($fileInfo))."<br/>";
        echo "最近修改时间：".date("j F Y H:i",filemtime($fileInfo))."<br/>";
        echo "是否为可执行文件：".(is_executable($fileInfo)?"是":"否")."<br/>";
        echo "是否为链接(Link)：".(is_link($fileInfo)?"是":"否")."<br/>";
        echo "是否可读：".(is_readable($fileInfo)?"是":"否")."<br/>";
        echo "是否可写：".(is_writable($fileInfo)?"是":"否")."<br/>";
        echo "文件绝对路径"：realpath($fileInfo);echo "最近访问时间：".date("j F Y H:i",fileatime($fileInfo))."<br/>";
        echo "最近修改时间：".date("j F Y H:i",filemtime($fileInfo))."<br/>";
        echo "是否为可执行文件：".(is_executable($fileInfo)?"是":"否")."<br/>";
        echo "是否为链接(Link)：".(is_link($fileInfo)?"是":"否")."<br/>";
        echo "是否可读：".(is_readable($fileInfo)?"是":"否")."<br/>";
        echo "是否可写：".(is_writable($fileInfo)?"是":"否")."<br/>";
        echo "文件绝对路径"：realpath($fileInfo);echo "最近访问时间：".date("j F Y H:i",fileatime($fileInfo))."<br/>";
        echo "最近修改时间：".date("j F Y H:i",filemtime($fileInfo))."<br/>";
        echo "是否为可执行文件：".(is_executable($fileInfo)?"是":"否")."<br/>";
        echo "是否为链接(Link)：".(is_link($fileInfo)?"是":"否")."<br/>";
        echo "是否可读：".(is_readable($fileInfo)?"是":"否")."<br/>";
        echo "是否可写：".(is_writable($fileInfo)?"是":"否")."<br/>";
        echo "文件绝对路径"：realpath($fileInfo);
'
2016-02-22 11:57:48---'echo "最近访问时间：".date("j F Y H:i",fileatime($fileInfo))."<br/>";
        echo "最近修改时间：".date("j F Y H:i",filemtime($fileInfo))."<br/>";
        echo "是否为可执行文件：".(is_executable($fileInfo)?"是":"否")."<br/>";
        echo "是否为链接(Link)：".(is_link($fileInfo)?"是":"否")."<br/>";
        echo "是否可读：".(is_readable($fileInfo)?"是":"否")."<br/>";
        echo "是否可写：".(is_writable($fileInfo)?"是":"否")."<br/>";
        echo "文件绝对路径"：realpath($fileInfo);echo "最近访问时间：".date("j F Y H:i",fileatime($fileInfo))."<br/>";
        echo "最近修改时间：".date("j F Y H:i",filemtime($fileInfo))."<br/>";
        echo "是否为可执行文件：".(is_executable($fileInfo)?"是":"否")."<br/>";
        echo "是否为链接(Link)：".(is_link($fileInfo)?"是":"否")."<br/>";
        echo "是否可读：".(is_readable($fileInfo)?"是":"否")."<br/>";
        echo "是否可写：".(is_writable($fileInfo)?"是":"否")."<br/>";
        echo "文件绝对路径"：realpath($fileInfo);echo "最近访问时间：".date("j F Y H:i",fileatime($fileInfo))."<br/>";
        echo "最近修改时间：".date("j F Y H:i",filemtime($fileInfo))."<br/>";
        echo "是否为可执行文件：".(is_executable($fileInfo)?"是":"否")."<br/>";
        echo "是否为链接(Link)：".(is_link($fileInfo)?"是":"否")."<br/>";
        echo "是否可读：".(is_readable($fileInfo)?"是":"否")."<br/>";
        echo "是否可写：".(is_writable($fileInfo)?"是":"否")."<br/>";
        echo "文件绝对路径"：realpath($fileInfo);echo "最近访问时间：".date("j F Y H:i",fileatime($fileInfo))."<br/>";
        echo "最近修改时间：".date("j F Y H:i",filemtime($fileInfo))."<br/>";
        echo "是否为可执行文件：".(is_executable($fileInfo)?"是":"否")."<br/>";
        echo "是否为链接(Link)：".(is_link($fileInfo)?"是":"否")."<br/>";
        echo "是否可读：".(is_readable($fileInfo)?"是":"否")."<br/>";
        echo "是否可写：".(is_writable($fileInfo)?"是":"否")."<br/>";
        echo "文件绝对路径"：realpath($fileInfo);
'
2016-02-22 11:57:48---'echo "最近访问时间：".date("j F Y H:i",fileatime($fileInfo))."<br/>";
        echo "最近修改时间：".date("j F Y H:i",filemtime($fileInfo))."<br/>";
        echo "是否为可执行文件：".(is_executable($fileInfo)?"是":"否")."<br/>";
        echo "是否为链接(Link)：".(is_link($fileInfo)?"是":"否")."<br/>";
        echo "是否可读：".(is_readable($fileInfo)?"是":"否")."<br/>";
        echo "是否可写：".(is_writable($fileInfo)?"是":"否")."<br/>";
        echo "文件绝对路径"：realpath($fileInfo);echo "最近访问时间：".date("j F Y H:i",fileatime($fileInfo))."<br/>";
        echo "最近修改时间：".date("j F Y H:i",filemtime($fileInfo))."<br/>";
        echo "是否为可执行文件：".(is_executable($fileInfo)?"是":"否")."<br/>";
        echo "是否为链接(Link)：".(is_link($fileInfo)?"是":"否")."<br/>";
        echo "是否可读：".(is_readable($fileInfo)?"是":"否")."<br/>";
        echo "是否可写：".(is_writable($fileInfo)?"是":"否")."<br/>";
        echo "文件绝对路径"：realpath($fileInfo);echo "最近访问时间：".date("j F Y H:i",fileatime($fileInfo))."<br/>";
        echo "最近修改时间：".date("j F Y H:i",filemtime($fileInfo))."<br/>";
        echo "是否为可执行文件：".(is_executable($fileInfo)?"是":"否")."<br/>";
        echo "是否为链接(Link)：".(is_link($fileInfo)?"是":"否")."<br/>";
        echo "是否可读：".(is_readable($fileInfo)?"是":"否")."<br/>";
        echo "是否可写：".(is_writable($fileInfo)?"是":"否")."<br/>";
        echo "文件绝对路径"：realpath($fileInfo);echo "最近访问时间：".date("j F Y H:i",fileatime($fileInfo))."<br/>";
        echo "最近修改时间：".date("j F Y H:i",filemtime($fileInfo))."<br/>";
        echo "是否为可执行文件：".(is_executable($fileInfo)?"是":"否")."<br/>";
        echo "是否为链接(Link)：".(is_link($fileInfo)?"是":"否")."<br/>";
        echo "是否可读：".(is_readable($fileInfo)?"是":"否")."<br/>";
        echo "是否可写：".(is_writable($fileInfo)?"是":"否")."<br/>";
        echo "文件绝对路径"：realpath($fileInfo);
'
2016-02-22 11:57:49---'echo "最近访问时间：".date("j F Y H:i",fileatime($fileInfo))."<br/>";
        echo "最近修改时间：".date("j F Y H:i",filemtime($fileInfo))."<br/>";
        echo "是否为可执行文件：".(is_executable($fileInfo)?"是":"否")."<br/>";
        echo "是否为链接(Link)：".(is_link($fileInfo)?"是":"否")."<br/>";
        echo "是否可读：".(is_readable($fileInfo)?"是":"否")."<br/>";
        echo "是否可写：".(is_writable($fileInfo)?"是":"否")."<br/>";
        echo "文件绝对路径"：realpath($fileInfo);echo "最近访问时间：".date("j F Y H:i",fileatime($fileInfo))."<br/>";
        echo "最近修改时间：".date("j F Y H:i",filemtime($fileInfo))."<br/>";
        echo "是否为可执行文件：".(is_executable($fileInfo)?"是":"否")."<br/>";
        echo "是否为链接(Link)：".(is_link($fileInfo)?"是":"否")."<br/>";
        echo "是否可读：".(is_readable($fileInfo)?"是":"否")."<br/>";
        echo "是否可写：".(is_writable($fileInfo)?"是":"否")."<br/>";
        echo "文件绝对路径"：realpath($fileInfo);echo "最近访问时间：".date("j F Y H:i",fileatime($fileInfo))."<br/>";
        echo "最近修改时间：".date("j F Y H:i",filemtime($fileInfo))."<br/>";
        echo "是否为可执行文件：".(is_executable($fileInfo)?"是":"否")."<br/>";
        echo "是否为链接(Link)：".(is_link($fileInfo)?"是":"否")."<br/>";
        echo "是否可读：".(is_readable($fileInfo)?"是":"否")."<br/>";
        echo "是否可写：".(is_writable($fileInfo)?"是":"否")."<br/>";
        echo "文件绝对路径"：realpath($fileInfo);echo "最近访问时间：".date("j F Y H:i",fileatime($fileInfo))."<br/>";
        echo "最近修改时间：".date("j F Y H:i",filemtime($fileInfo))."<br/>";
        echo "是否为可执行文件：".(is_executable($fileInfo)?"是":"否")."<br/>";
        echo "是否为链接(Link)：".(is_link($fileInfo)?"是":"否")."<br/>";
        echo "是否可读：".(is_readable($fileInfo)?"是":"否")."<br/>";
        echo "是否可写：".(is_writable($fileInfo)?"是":"否")."<br/>";
        echo "文件绝对路径"：realpath($fileInfo);
'
2016-02-22 11:57:49---'echo "最近访问时间：".date("j F Y H:i",fileatime($fileInfo))."<br/>";
        echo "最近修改时间：".date("j F Y H:i",filemtime($fileInfo))."<br/>";
        echo "是否为可执行文件：".(is_executable($fileInfo)?"是":"否")."<br/>";
        echo "是否为链接(Link)：".(is_link($fileInfo)?"是":"否")."<br/>";
        echo "是否可读：".(is_readable($fileInfo)?"是":"否")."<br/>";
        echo "是否可写：".(is_writable($fileInfo)?"是":"否")."<br/>";
        echo "文件绝对路径"：realpath($fileInfo);echo "最近访问时间：".date("j F Y H:i",fileatime($fileInfo))."<br/>";
        echo "最近修改时间：".date("j F Y H:i",filemtime($fileInfo))."<br/>";
        echo "是否为可执行文件：".(is_executable($fileInfo)?"是":"否")."<br/>";
        echo "是否为链接(Link)：".(is_link($fileInfo)?"是":"否")."<br/>";
        echo "是否可读：".(is_readable($fileInfo)?"是":"否")."<br/>";
        echo "是否可写：".(is_writable($fileInfo)?"是":"否")."<br/>";
        echo "文件绝对路径"：realpath($fileInfo);echo "最近访问时间：".date("j F Y H:i",fileatime($fileInfo))."<br/>";
        echo "最近修改时间：".date("j F Y H:i",filemtime($fileInfo))."<br/>";
        echo "是否为可执行文件：".(is_executable($fileInfo)?"是":"否")."<br/>";
        echo "是否为链接(Link)：".(is_link($fileInfo)?"是":"否")."<br/>";
        echo "是否可读：".(is_readable($fileInfo)?"是":"否")."<br/>";
        echo "是否可写：".(is_writable($fileInfo)?"是":"否")."<br/>";
        echo "文件绝对路径"：realpath($fileInfo);echo "最近访问时间：".date("j F Y H:i",fileatime($fileInfo))."<br/>";
        echo "最近修改时间：".date("j F Y H:i",filemtime($fileInfo))."<br/>";
        echo "是否为可执行文件：".(is_executable($fileInfo)?"是":"否")."<br/>";
        echo "是否为链接(Link)：".(is_link($fileInfo)?"是":"否")."<br/>";
        echo "是否可读：".(is_readable($fileInfo)?"是":"否")."<br/>";
        echo "是否可写：".(is_writable($fileInfo)?"是":"否")."<br/>";
        echo "文件绝对路径"：realpath($fileInfo);
'
2016-02-22 11:57:50---'echo "最近访问时间：".date("j F Y H:i",fileatime($fileInfo))."<br/>";
        echo "最近修改时间：".date("j F Y H:i",filemtime($fileInfo))."<br/>";
        echo "是否为可执行文件：".(is_executable($fileInfo)?"是":"否")."<br/>";
        echo "是否为链接(Link)：".(is_link($fileInfo)?"是":"否")."<br/>";
        echo "是否可读：".(is_readable($fileInfo)?"是":"否")."<br/>";
        echo "是否可写：".(is_writable($fileInfo)?"是":"否")."<br/>";
        echo "文件绝对路径"：realpath($fileInfo);echo "最近访问时间：".date("j F Y H:i",fileatime($fileInfo))."<br/>";
        echo "最近修改时间：".date("j F Y H:i",filemtime($fileInfo))."<br/>";
        echo "是否为可执行文件：".(is_executable($fileInfo)?"是":"否")."<br/>";
        echo "是否为链接(Link)：".(is_link($fileInfo)?"是":"否")."<br/>";
        echo "是否可读：".(is_readable($fileInfo)?"是":"否")."<br/>";
        echo "是否可写：".(is_writable($fileInfo)?"是":"否")."<br/>";
        echo "文件绝对路径"：realpath($fileInfo);echo "最近访问时间：".date("j F Y H:i",fileatime($fileInfo))."<br/>";
        echo "最近修改时间：".date("j F Y H:i",filemtime($fileInfo))."<br/>";
        echo "是否为可执行文件：".(is_executable($fileInfo)?"是":"否")."<br/>";
        echo "是否为链接(Link)：".(is_link($fileInfo)?"是":"否")."<br/>";
        echo "是否可读：".(is_readable($fileInfo)?"是":"否")."<br/>";
        echo "是否可写：".(is_writable($fileInfo)?"是":"否")."<br/>";
        echo "文件绝对路径"：realpath($fileInfo);echo "最近访问时间：".date("j F Y H:i",fileatime($fileInfo))."<br/>";
        echo "最近修改时间：".date("j F Y H:i",filemtime($fileInfo))."<br/>";
        echo "是否为可执行文件：".(is_executable($fileInfo)?"是":"否")."<br/>";
        echo "是否为链接(Link)：".(is_link($fileInfo)?"是":"否")."<br/>";
        echo "是否可读：".(is_readable($fileInfo)?"是":"否")."<br/>";
        echo "是否可写：".(is_writable($fileInfo)?"是":"否")."<br/>";
        echo "文件绝对路径"：realpath($fileInfo);
'
2016-02-22 11:57:50---'echo "最近访问时间：".date("j F Y H:i",fileatime($fileInfo))."<br/>";
        echo "最近修改时间：".date("j F Y H:i",filemtime($fileInfo))."<br/>";
        echo "是否为可执行文件：".(is_executable($fileInfo)?"是":"否")."<br/>";
        echo "是否为链接(Link)：".(is_link($fileInfo)?"是":"否")."<br/>";
        echo "是否可读：".(is_readable($fileInfo)?"是":"否")."<br/>";
        echo "是否可写：".(is_writable($fileInfo)?"是":"否")."<br/>";
        echo "文件绝对路径"：realpath($fileInfo);echo "最近访问时间：".date("j F Y H:i",fileatime($fileInfo))."<br/>";
        echo "最近修改时间：".date("j F Y H:i",filemtime($fileInfo))."<br/>";
        echo "是否为可执行文件：".(is_executable($fileInfo)?"是":"否")."<br/>";
        echo "是否为链接(Link)：".(is_link($fileInfo)?"是":"否")."<br/>";
        echo "是否可读：".(is_readable($fileInfo)?"是":"否")."<br/>";
        echo "是否可写：".(is_writable($fileInfo)?"是":"否")."<br/>";
        echo "文件绝对路径"：realpath($fileInfo);echo "最近访问时间：".date("j F Y H:i",fileatime($fileInfo))."<br/>";
        echo "最近修改时间：".date("j F Y H:i",filemtime($fileInfo))."<br/>";
        echo "是否为可执行文件：".(is_executable($fileInfo)?"是":"否")."<br/>";
        echo "是否为链接(Link)：".(is_link($fileInfo)?"是":"否")."<br/>";
        echo "是否可读：".(is_readable($fileInfo)?"是":"否")."<br/>";
        echo "是否可写：".(is_writable($fileInfo)?"是":"否")."<br/>";
        echo "文件绝对路径"：realpath($fileInfo);echo "最近访问时间：".date("j F Y H:i",fileatime($fileInfo))."<br/>";
        echo "最近修改时间：".date("j F Y H:i",filemtime($fileInfo))."<br/>";
        echo "是否为可执行文件：".(is_executable($fileInfo)?"是":"否")."<br/>";
        echo "是否为链接(Link)：".(is_link($fileInfo)?"是":"否")."<br/>";
        echo "是否可读：".(is_readable($fileInfo)?"是":"否")."<br/>";
        echo "是否可写：".(is_writable($fileInfo)?"是":"否")."<br/>";
        echo "文件绝对路径"：realpath($fileInfo);
'
2016-02-22 11:57:50---'echo "最近访问时间：".date("j F Y H:i",fileatime($fileInfo))."<br/>";
        echo "最近修改时间：".date("j F Y H:i",filemtime($fileInfo))."<br/>";
        echo "是否为可执行文件：".(is_executable($fileInfo)?"是":"否")."<br/>";
        echo "是否为链接(Link)：".(is_link($fileInfo)?"是":"否")."<br/>";
        echo "是否可读：".(is_readable($fileInfo)?"是":"否")."<br/>";
        echo "是否可写：".(is_writable($fileInfo)?"是":"否")."<br/>";
        echo "文件绝对路径"：realpath($fileInfo);echo "最近访问时间：".date("j F Y H:i",fileatime($fileInfo))."<br/>";
        echo "最近修改时间：".date("j F Y H:i",filemtime($fileInfo))."<br/>";
        echo "是否为可执行文件：".(is_executable($fileInfo)?"是":"否")."<br/>";
        echo "是否为链接(Link)：".(is_link($fileInfo)?"是":"否")."<br/>";
        echo "是否可读：".(is_readable($fileInfo)?"是":"否")."<br/>";
        echo "是否可写：".(is_writable($fileInfo)?"是":"否")."<br/>";
        echo "文件绝对路径"：realpath($fileInfo);echo "最近访问时间：".date("j F Y H:i",fileatime($fileInfo))."<br/>";
        echo "最近修改时间：".date("j F Y H:i",filemtime($fileInfo))."<br/>";
        echo "是否为可执行文件：".(is_executable($fileInfo)?"是":"否")."<br/>";
        echo "是否为链接(Link)：".(is_link($fileInfo)?"是":"否")."<br/>";
        echo "是否可读：".(is_readable($fileInfo)?"是":"否")."<br/>";
        echo "是否可写：".(is_writable($fileInfo)?"是":"否")."<br/>";
        echo "文件绝对路径"：realpath($fileInfo);echo "最近访问时间：".date("j F Y H:i",fileatime($fileInfo))."<br/>";
        echo "最近修改时间：".date("j F Y H:i",filemtime($fileInfo))."<br/>";
        echo "是否为可执行文件：".(is_executable($fileInfo)?"是":"否")."<br/>";
        echo "是否为链接(Link)：".(is_link($fileInfo)?"是":"否")."<br/>";
        echo "是否可读：".(is_readable($fileInfo)?"是":"否")."<br/>";
        echo "是否可写：".(is_writable($fileInfo)?"是":"否")."<br/>";
        echo "文件绝对路径"：realpath($fileInfo);
'
2016-02-22 11:57:50---'echo "最近访问时间：".date("j F Y H:i",fileatime($fileInfo))."<br/>";
        echo "最近修改时间：".date("j F Y H:i",filemtime($fileInfo))."<br/>";
        echo "是否为可执行文件：".(is_executable($fileInfo)?"是":"否")."<br/>";
        echo "是否为链接(Link)：".(is_link($fileInfo)?"是":"否")."<br/>";
        echo "是否可读：".(is_readable($fileInfo)?"是":"否")."<br/>";
        echo "是否可写：".(is_writable($fileInfo)?"是":"否")."<br/>";
        echo "文件绝对路径"：realpath($fileInfo);echo "最近访问时间：".date("j F Y H:i",fileatime($fileInfo))."<br/>";
        echo "最近修改时间：".date("j F Y H:i",filemtime($fileInfo))."<br/>";
        echo "是否为可执行文件：".(is_executable($fileInfo)?"是":"否")."<br/>";
        echo "是否为链接(Link)：".(is_link($fileInfo)?"是":"否")."<br/>";
        echo "是否可读：".(is_readable($fileInfo)?"是":"否")."<br/>";
        echo "是否可写：".(is_writable($fileInfo)?"是":"否")."<br/>";
        echo "文件绝对路径"：realpath($fileInfo);echo "最近访问时间：".date("j F Y H:i",fileatime($fileInfo))."<br/>";
        echo "最近修改时间：".date("j F Y H:i",filemtime($fileInfo))."<br/>";
        echo "是否为可执行文件：".(is_executable($fileInfo)?"是":"否")."<br/>";
        echo "是否为链接(Link)：".(is_link($fileInfo)?"是":"否")."<br/>";
        echo "是否可读：".(is_readable($fileInfo)?"是":"否")."<br/>";
        echo "是否可写：".(is_writable($fileInfo)?"是":"否")."<br/>";
        echo "文件绝对路径"：realpath($fileInfo);echo "最近访问时间：".date("j F Y H:i",fileatime($fileInfo))."<br/>";
        echo "最近修改时间：".date("j F Y H:i",filemtime($fileInfo))."<br/>";
        echo "是否为可执行文件：".(is_executable($fileInfo)?"是":"否")."<br/>";
        echo "是否为链接(Link)：".(is_link($fileInfo)?"是":"否")."<br/>";
        echo "是否可读：".(is_readable($fileInfo)?"是":"否")."<br/>";
        echo "是否可写：".(is_writable($fileInfo)?"是":"否")."<br/>";
        echo "文件绝对路径"：realpath($fileInfo);
'
2016-02-22 11:57:51---'echo "最近访问时间：".date("j F Y H:i",fileatime($fileInfo))."<br/>";
        echo "最近修改时间：".date("j F Y H:i",filemtime($fileInfo))."<br/>";
        echo "是否为可执行文件：".(is_executable($fileInfo)?"是":"否")."<br/>";
        echo "是否为链接(Link)：".(is_link($fileInfo)?"是":"否")."<br/>";
        echo "是否可读：".(is_readable($fileInfo)?"是":"否")."<br/>";
        echo "是否可写：".(is_writable($fileInfo)?"是":"否")."<br/>";
        echo "文件绝对路径"：realpath($fileInfo);echo "最近访问时间：".date("j F Y H:i",fileatime($fileInfo))."<br/>";
        echo "最近修改时间：".date("j F Y H:i",filemtime($fileInfo))."<br/>";
        echo "是否为可执行文件：".(is_executable($fileInfo)?"是":"否")."<br/>";
        echo "是否为链接(Link)：".(is_link($fileInfo)?"是":"否")."<br/>";
        echo "是否可读：".(is_readable($fileInfo)?"是":"否")."<br/>";
        echo "是否可写：".(is_writable($fileInfo)?"是":"否")."<br/>";
        echo "文件绝对路径"：realpath($fileInfo);echo "最近访问时间：".date("j F Y H:i",fileatime($fileInfo))."<br/>";
        echo "最近修改时间：".date("j F Y H:i",filemtime($fileInfo))."<br/>";
        echo "是否为可执行文件：".(is_executable($fileInfo)?"是":"否")."<br/>";
        echo "是否为链接(Link)：".(is_link($fileInfo)?"是":"否")."<br/>";
        echo "是否可读：".(is_readable($fileInfo)?"是":"否")."<br/>";
        echo "是否可写：".(is_writable($fileInfo)?"是":"否")."<br/>";
        echo "文件绝对路径"：realpath($fileInfo);echo "最近访问时间：".date("j F Y H:i",fileatime($fileInfo))."<br/>";
        echo "最近修改时间：".date("j F Y H:i",filemtime($fileInfo))."<br/>";
        echo "是否为可执行文件：".(is_executable($fileInfo)?"是":"否")."<br/>";
        echo "是否为链接(Link)：".(is_link($fileInfo)?"是":"否")."<br/>";
        echo "是否可读：".(is_readable($fileInfo)?"是":"否")."<br/>";
        echo "是否可写：".(is_writable($fileInfo)?"是":"否")."<br/>";
        echo "文件绝对路径"：realpath($fileInfo);
'
2016-02-22 11:57:51---'echo "最近访问时间：".date("j F Y H:i",fileatime($fileInfo))."<br/>";
        echo "最近修改时间：".date("j F Y H:i",filemtime($fileInfo))."<br/>";
        echo "是否为可执行文件：".(is_executable($fileInfo)?"是":"否")."<br/>";
        echo "是否为链接(Link)：".(is_link($fileInfo)?"是":"否")."<br/>";
        echo "是否可读：".(is_readable($fileInfo)?"是":"否")."<br/>";
        echo "是否可写：".(is_writable($fileInfo)?"是":"否")."<br/>";
        echo "文件绝对路径"：realpath($fileInfo);echo "最近访问时间：".date("j F Y H:i",fileatime($fileInfo))."<br/>";
        echo "最近修改时间：".date("j F Y H:i",filemtime($fileInfo))."<br/>";
        echo "是否为可执行文件：".(is_executable($fileInfo)?"是":"否")."<br/>";
        echo "是否为链接(Link)：".(is_link($fileInfo)?"是":"否")."<br/>";
        echo "是否可读：".(is_readable($fileInfo)?"是":"否")."<br/>";
        echo "是否可写：".(is_writable($fileInfo)?"是":"否")."<br/>";
        echo "文件绝对路径"：realpath($fileInfo);echo "最近访问时间：".date("j F Y H:i",fileatime($fileInfo))."<br/>";
        echo "最近修改时间：".date("j F Y H:i",filemtime($fileInfo))."<br/>";
        echo "是否为可执行文件：".(is_executable($fileInfo)?"是":"否")."<br/>";
        echo "是否为链接(Link)：".(is_link($fileInfo)?"是":"否")."<br/>";
        echo "是否可读：".(is_readable($fileInfo)?"是":"否")."<br/>";
        echo "是否可写：".(is_writable($fileInfo)?"是":"否")."<br/>";
        echo "文件绝对路径"：realpath($fileInfo);echo "最近访问时间：".date("j F Y H:i",fileatime($fileInfo))."<br/>";
        echo "最近修改时间：".date("j F Y H:i",filemtime($fileInfo))."<br/>";
        echo "是否为可执行文件：".(is_executable($fileInfo)?"是":"否")."<br/>";
        echo "是否为链接(Link)：".(is_link($fileInfo)?"是":"否")."<br/>";
        echo "是否可读：".(is_readable($fileInfo)?"是":"否")."<br/>";
        echo "是否可写：".(is_writable($fileInfo)?"是":"否")."<br/>";
        echo "文件绝对路径"：realpath($fileInfo);
'
2016-02-22 11:57:51---'echo "最近访问时间：".date("j F Y H:i",fileatime($fileInfo))."<br/>";
        echo "最近修改时间：".date("j F Y H:i",filemtime($fileInfo))."<br/>";
        echo "是否为可执行文件：".(is_executable($fileInfo)?"是":"否")."<br/>";
        echo "是否为链接(Link)：".(is_link($fileInfo)?"是":"否")."<br/>";
        echo "是否可读：".(is_readable($fileInfo)?"是":"否")."<br/>";
        echo "是否可写：".(is_writable($fileInfo)?"是":"否")."<br/>";
        echo "文件绝对路径"：realpath($fileInfo);echo "最近访问时间：".date("j F Y H:i",fileatime($fileInfo))."<br/>";
        echo "最近修改时间：".date("j F Y H:i",filemtime($fileInfo))."<br/>";
        echo "是否为可执行文件：".(is_executable($fileInfo)?"是":"否")."<br/>";
        echo "是否为链接(Link)：".(is_link($fileInfo)?"是":"否")."<br/>";
        echo "是否可读：".(is_readable($fileInfo)?"是":"否")."<br/>";
        echo "是否可写：".(is_writable($fileInfo)?"是":"否")."<br/>";
        echo "文件绝对路径"：realpath($fileInfo);echo "最近访问时间：".date("j F Y H:i",fileatime($fileInfo))."<br/>";
        echo "最近修改时间：".date("j F Y H:i",filemtime($fileInfo))."<br/>";
        echo "是否为可执行文件：".(is_executable($fileInfo)?"是":"否")."<br/>";
        echo "是否为链接(Link)：".(is_link($fileInfo)?"是":"否")."<br/>";
        echo "是否可读：".(is_readable($fileInfo)?"是":"否")."<br/>";
        echo "是否可写：".(is_writable($fileInfo)?"是":"否")."<br/>";
        echo "文件绝对路径"：realpath($fileInfo);echo "最近访问时间：".date("j F Y H:i",fileatime($fileInfo))."<br/>";
        echo "最近修改时间：".date("j F Y H:i",filemtime($fileInfo))."<br/>";
        echo "是否为可执行文件：".(is_executable($fileInfo)?"是":"否")."<br/>";
        echo "是否为链接(Link)：".(is_link($fileInfo)?"是":"否")."<br/>";
        echo "是否可读：".(is_readable($fileInfo)?"是":"否")."<br/>";
        echo "是否可写：".(is_writable($fileInfo)?"是":"否")."<br/>";
        echo "文件绝对路径"：realpath($fileInfo);
'
2016-02-22 11:57:52---'echo "最近访问时间：".date("j F Y H:i",fileatime($fileInfo))."<br/>";
        echo "最近修改时间：".date("j F Y H:i",filemtime($fileInfo))."<br/>";
        echo "是否为可执行文件：".(is_executable($fileInfo)?"是":"否")."<br/>";
        echo "是否为链接(Link)：".(is_link($fileInfo)?"是":"否")."<br/>";
        echo "是否可读：".(is_readable($fileInfo)?"是":"否")."<br/>";
        echo "是否可写：".(is_writable($fileInfo)?"是":"否")."<br/>";
        echo "文件绝对路径"：realpath($fileInfo);echo "最近访问时间：".date("j F Y H:i",fileatime($fileInfo))."<br/>";
        echo "最近修改时间：".date("j F Y H:i",filemtime($fileInfo))."<br/>";
        echo "是否为可执行文件：".(is_executable($fileInfo)?"是":"否")."<br/>";
        echo "是否为链接(Link)：".(is_link($fileInfo)?"是":"否")."<br/>";
        echo "是否可读：".(is_readable($fileInfo)?"是":"否")."<br/>";
        echo "是否可写：".(is_writable($fileInfo)?"是":"否")."<br/>";
        echo "文件绝对路径"：realpath($fileInfo);echo "最近访问时间：".date("j F Y H:i",fileatime($fileInfo))."<br/>";
        echo "最近修改时间：".date("j F Y H:i",filemtime($fileInfo))."<br/>";
        echo "是否为可执行文件：".(is_executable($fileInfo)?"是":"否")."<br/>";
        echo "是否为链接(Link)：".(is_link($fileInfo)?"是":"否")."<br/>";
        echo "是否可读：".(is_readable($fileInfo)?"是":"否")."<br/>";
        echo "是否可写：".(is_writable($fileInfo)?"是":"否")."<br/>";
        echo "文件绝对路径"：realpath($fileInfo);echo "最近访问时间：".date("j F Y H:i",fileatime($fileInfo))."<br/>";
        echo "最近修改时间：".date("j F Y H:i",filemtime($fileInfo))."<br/>";
        echo "是否为可执行文件：".(is_executable($fileInfo)?"是":"否")."<br/>";
        echo "是否为链接(Link)：".(is_link($fileInfo)?"是":"否")."<br/>";
        echo "是否可读：".(is_readable($fileInfo)?"是":"否")."<br/>";
        echo "是否可写：".(is_writable($fileInfo)?"是":"否")."<br/>";
        echo "文件绝对路径"：realpath($fileInfo);
'
2016-02-22 11:57:52---'echo "最近访问时间：".date("j F Y H:i",fileatime($fileInfo))."<br/>";
        echo "最近修改时间：".date("j F Y H:i",filemtime($fileInfo))."<br/>";
        echo "是否为可执行文件：".(is_executable($fileInfo)?"是":"否")."<br/>";
        echo "是否为链接(Link)：".(is_link($fileInfo)?"是":"否")."<br/>";
        echo "是否可读：".(is_readable($fileInfo)?"是":"否")."<br/>";
        echo "是否可写：".(is_writable($fileInfo)?"是":"否")."<br/>";
        echo "文件绝对路径"：realpath($fileInfo);echo "最近访问时间：".date("j F Y H:i",fileatime($fileInfo))."<br/>";
        echo "最近修改时间：".date("j F Y H:i",filemtime($fileInfo))."<br/>";
        echo "是否为可执行文件：".(is_executable($fileInfo)?"是":"否")."<br/>";
        echo "是否为链接(Link)：".(is_link($fileInfo)?"是":"否")."<br/>";
        echo "是否可读：".(is_readable($fileInfo)?"是":"否")."<br/>";
        echo "是否可写：".(is_writable($fileInfo)?"是":"否")."<br/>";
        echo "文件绝对路径"：realpath($fileInfo);echo "最近访问时间：".date("j F Y H:i",fileatime($fileInfo))."<br/>";
        echo "最近修改时间：".date("j F Y H:i",filemtime($fileInfo))."<br/>";
        echo "是否为可执行文件：".(is_executable($fileInfo)?"是":"否")."<br/>";
        echo "是否为链接(Link)：".(is_link($fileInfo)?"是":"否")."<br/>";
        echo "是否可读：".(is_readable($fileInfo)?"是":"否")."<br/>";
        echo "是否可写：".(is_writable($fileInfo)?"是":"否")."<br/>";
        echo "文件绝对路径"：realpath($fileInfo);echo "最近访问时间：".date("j F Y H:i",fileatime($fileInfo))."<br/>";
        echo "最近修改时间：".date("j F Y H:i",filemtime($fileInfo))."<br/>";
        echo "是否为可执行文件：".(is_executable($fileInfo)?"是":"否")."<br/>";
        echo "是否为链接(Link)：".(is_link($fileInfo)?"是":"否")."<br/>";
        echo "是否可读：".(is_readable($fileInfo)?"是":"否")."<br/>";
        echo "是否可写：".(is_writable($fileInfo)?"是":"否")."<br/>";
        echo "文件绝对路径"：realpath($fileInfo);
'
2016-02-22 11:57:52---'echo "最近访问时间：".date("j F Y H:i",fileatime($fileInfo))."<br/>";
        echo "最近修改时间：".date("j F Y H:i",filemtime($fileInfo))."<br/>";
        echo "是否为可执行文件：".(is_executable($fileInfo)?"是":"否")."<br/>";
        echo "是否为链接(Link)：".(is_link($fileInfo)?"是":"否")."<br/>";
        echo "是否可读：".(is_readable($fileInfo)?"是":"否")."<br/>";
        echo "是否可写：".(is_writable($fileInfo)?"是":"否")."<br/>";
        echo "文件绝对路径"：realpath($fileInfo);echo "最近访问时间：".date("j F Y H:i",fileatime($fileInfo))."<br/>";
        echo "最近修改时间：".date("j F Y H:i",filemtime($fileInfo))."<br/>";
        echo "是否为可执行文件：".(is_executable($fileInfo)?"是":"否")."<br/>";
        echo "是否为链接(Link)：".(is_link($fileInfo)?"是":"否")."<br/>";
        echo "是否可读：".(is_readable($fileInfo)?"是":"否")."<br/>";
        echo "是否可写：".(is_writable($fileInfo)?"是":"否")."<br/>";
        echo "文件绝对路径"：realpath($fileInfo);echo "最近访问时间：".date("j F Y H:i",fileatime($fileInfo))."<br/>";
        echo "最近修改时间：".date("j F Y H:i",filemtime($fileInfo))."<br/>";
        echo "是否为可执行文件：".(is_executable($fileInfo)?"是":"否")."<br/>";
        echo "是否为链接(Link)：".(is_link($fileInfo)?"是":"否")."<br/>";
        echo "是否可读：".(is_readable($fileInfo)?"是":"否")."<br/>";
        echo "是否可写：".(is_writable($fileInfo)?"是":"否")."<br/>";
        echo "文件绝对路径"：realpath($fileInfo);echo "最近访问时间：".date("j F Y H:i",fileatime($fileInfo))."<br/>";
        echo "最近修改时间：".date("j F Y H:i",filemtime($fileInfo))."<br/>";
        echo "是否为可执行文件：".(is_executable($fileInfo)?"是":"否")."<br/>";
        echo "是否为链接(Link)：".(is_link($fileInfo)?"是":"否")."<br/>";
        echo "是否可读：".(is_readable($fileInfo)?"是":"否")."<br/>";
        echo "是否可写：".(is_writable($fileInfo)?"是":"否")."<br/>";
        echo "文件绝对路径"：realpath($fileInfo);
'
2016-02-22 11:57:52---'echo "最近访问时间：".date("j F Y H:i",fileatime($fileInfo))."<br/>";
        echo "最近修改时间：".date("j F Y H:i",filemtime($fileInfo))."<br/>";
        echo "是否为可执行文件：".(is_executable($fileInfo)?"是":"否")."<br/>";
        echo "是否为链接(Link)：".(is_link($fileInfo)?"是":"否")."<br/>";
        echo "是否可读：".(is_readable($fileInfo)?"是":"否")."<br/>";
        echo "是否可写：".(is_writable($fileInfo)?"是":"否")."<br/>";
        echo "文件绝对路径"：realpath($fileInfo);echo "最近访问时间：".date("j F Y H:i",fileatime($fileInfo))."<br/>";
        echo "最近修改时间：".date("j F Y H:i",filemtime($fileInfo))."<br/>";
        echo "是否为可执行文件：".(is_executable($fileInfo)?"是":"否")."<br/>";
        echo "是否为链接(Link)：".(is_link($fileInfo)?"是":"否")."<br/>";
        echo "是否可读：".(is_readable($fileInfo)?"是":"否")."<br/>";
        echo "是否可写：".(is_writable($fileInfo)?"是":"否")."<br/>";
        echo "文件绝对路径"：realpath($fileInfo);echo "最近访问时间：".date("j F Y H:i",fileatime($fileInfo))."<br/>";
        echo "最近修改时间：".date("j F Y H:i",filemtime($fileInfo))."<br/>";
        echo "是否为可执行文件：".(is_executable($fileInfo)?"是":"否")."<br/>";
        echo "是否为链接(Link)：".(is_link($fileInfo)?"是":"否")."<br/>";
        echo "是否可读：".(is_readable($fileInfo)?"是":"否")."<br/>";
        echo "是否可写：".(is_writable($fileInfo)?"是":"否")."<br/>";
        echo "文件绝对路径"：realpath($fileInfo);echo "最近访问时间：".date("j F Y H:i",fileatime($fileInfo))."<br/>";
        echo "最近修改时间：".date("j F Y H:i",filemtime($fileInfo))."<br/>";
        echo "是否为可执行文件：".(is_executable($fileInfo)?"是":"否")."<br/>";
        echo "是否为链接(Link)：".(is_link($fileInfo)?"是":"否")."<br/>";
        echo "是否可读：".(is_readable($fileInfo)?"是":"否")."<br/>";
        echo "是否可写：".(is_writable($fileInfo)?"是":"否")."<br/>";
        echo "文件绝对路径"：realpath($fileInfo);
'
2016-02-22 11:57:53---'echo "最近访问时间：".date("j F Y H:i",fileatime($fileInfo))."<br/>";
        echo "最近修改时间：".date("j F Y H:i",filemtime($fileInfo))."<br/>";
        echo "是否为可执行文件：".(is_executable($fileInfo)?"是":"否")."<br/>";
        echo "是否为链接(Link)：".(is_link($fileInfo)?"是":"否")."<br/>";
        echo "是否可读：".(is_readable($fileInfo)?"是":"否")."<br/>";
        echo "是否可写：".(is_writable($fileInfo)?"是":"否")."<br/>";
        echo "文件绝对路径"：realpath($fileInfo);echo "最近访问时间：".date("j F Y H:i",fileatime($fileInfo))."<br/>";
        echo "最近修改时间：".date("j F Y H:i",filemtime($fileInfo))."<br/>";
        echo "是否为可执行文件：".(is_executable($fileInfo)?"是":"否")."<br/>";
        echo "是否为链接(Link)：".(is_link($fileInfo)?"是":"否")."<br/>";
        echo "是否可读：".(is_readable($fileInfo)?"是":"否")."<br/>";
        echo "是否可写：".(is_writable($fileInfo)?"是":"否")."<br/>";
        echo "文件绝对路径"：realpath($fileInfo);echo "最近访问时间：".date("j F Y H:i",fileatime($fileInfo))."<br/>";
        echo "最近修改时间：".date("j F Y H:i",filemtime($fileInfo))."<br/>";
        echo "是否为可执行文件：".(is_executable($fileInfo)?"是":"否")."<br/>";
        echo "是否为链接(Link)：".(is_link($fileInfo)?"是":"否")."<br/>";
        echo "是否可读：".(is_readable($fileInfo)?"是":"否")."<br/>";
        echo "是否可写：".(is_writable($fileInfo)?"是":"否")."<br/>";
        echo "文件绝对路径"：realpath($fileInfo);echo "最近访问时间：".date("j F Y H:i",fileatime($fileInfo))."<br/>";
        echo "最近修改时间：".date("j F Y H:i",filemtime($fileInfo))."<br/>";
        echo "是否为可执行文件：".(is_executable($fileInfo)?"是":"否")."<br/>";
        echo "是否为链接(Link)：".(is_link($fileInfo)?"是":"否")."<br/>";
        echo "是否可读：".(is_readable($fileInfo)?"是":"否")."<br/>";
        echo "是否可写：".(is_writable($fileInfo)?"是":"否")."<br/>";
        echo "文件绝对路径"：realpath($fileInfo);
'
2016-02-22 11:57:53---'echo "最近访问时间：".date("j F Y H:i",fileatime($fileInfo))."<br/>";
        echo "最近修改时间：".date("j F Y H:i",filemtime($fileInfo))."<br/>";
        echo "是否为可执行文件：".(is_executable($fileInfo)?"是":"否")."<br/>";
        echo "是否为链接(Link)：".(is_link($fileInfo)?"是":"否")."<br/>";
        echo "是否可读：".(is_readable($fileInfo)?"是":"否")."<br/>";
        echo "是否可写：".(is_writable($fileInfo)?"是":"否")."<br/>";
        echo "文件绝对路径"：realpath($fileInfo);echo "最近访问时间：".date("j F Y H:i",fileatime($fileInfo))."<br/>";
        echo "最近修改时间：".date("j F Y H:i",filemtime($fileInfo))."<br/>";
        echo "是否为可执行文件：".(is_executable($fileInfo)?"是":"否")."<br/>";
        echo "是否为链接(Link)：".(is_link($fileInfo)?"是":"否")."<br/>";
        echo "是否可读：".(is_readable($fileInfo)?"是":"否")."<br/>";
        echo "是否可写：".(is_writable($fileInfo)?"是":"否")."<br/>";
        echo "文件绝对路径"：realpath($fileInfo);echo "最近访问时间：".date("j F Y H:i",fileatime($fileInfo))."<br/>";
        echo "最近修改时间：".date("j F Y H:i",filemtime($fileInfo))."<br/>";
        echo "是否为可执行文件：".(is_executable($fileInfo)?"是":"否")."<br/>";
        echo "是否为链接(Link)：".(is_link($fileInfo)?"是":"否")."<br/>";
        echo "是否可读：".(is_readable($fileInfo)?"是":"否")."<br/>";
        echo "是否可写：".(is_writable($fileInfo)?"是":"否")."<br/>";
        echo "文件绝对路径"：realpath($fileInfo);echo "最近访问时间：".date("j F Y H:i",fileatime($fileInfo))."<br/>";
        echo "最近修改时间：".date("j F Y H:i",filemtime($fileInfo))."<br/>";
        echo "是否为可执行文件：".(is_executable($fileInfo)?"是":"否")."<br/>";
        echo "是否为链接(Link)：".(is_link($fileInfo)?"是":"否")."<br/>";
        echo "是否可读：".(is_readable($fileInfo)?"是":"否")."<br/>";
        echo "是否可写：".(is_writable($fileInfo)?"是":"否")."<br/>";
        echo "文件绝对路径"：realpath($fileInfo);
'
2016-02-22 11:57:54---'echo "最近访问时间：".date("j F Y H:i",fileatime($fileInfo))."<br/>";
        echo "最近修改时间：".date("j F Y H:i",filemtime($fileInfo))."<br/>";
        echo "是否为可执行文件：".(is_executable($fileInfo)?"是":"否")."<br/>";
        echo "是否为链接(Link)：".(is_link($fileInfo)?"是":"否")."<br/>";
        echo "是否可读：".(is_readable($fileInfo)?"是":"否")."<br/>";
        echo "是否可写：".(is_writable($fileInfo)?"是":"否")."<br/>";
        echo "文件绝对路径"：realpath($fileInfo);echo "最近访问时间：".date("j F Y H:i",fileatime($fileInfo))."<br/>";
        echo "最近修改时间：".date("j F Y H:i",filemtime($fileInfo))."<br/>";
        echo "是否为可执行文件：".(is_executable($fileInfo)?"是":"否")."<br/>";
        echo "是否为链接(Link)：".(is_link($fileInfo)?"是":"否")."<br/>";
        echo "是否可读：".(is_readable($fileInfo)?"是":"否")."<br/>";
        echo "是否可写：".(is_writable($fileInfo)?"是":"否")."<br/>";
        echo "文件绝对路径"：realpath($fileInfo);echo "最近访问时间：".date("j F Y H:i",fileatime($fileInfo))."<br/>";
        echo "最近修改时间：".date("j F Y H:i",filemtime($fileInfo))."<br/>";
        echo "是否为可执行文件：".(is_executable($fileInfo)?"是":"否")."<br/>";
        echo "是否为链接(Link)：".(is_link($fileInfo)?"是":"否")."<br/>";
        echo "是否可读：".(is_readable($fileInfo)?"是":"否")."<br/>";
        echo "是否可写：".(is_writable($fileInfo)?"是":"否")."<br/>";
        echo "文件绝对路径"：realpath($fileInfo);echo "最近访问时间：".date("j F Y H:i",fileatime($fileInfo))."<br/>";
        echo "最近修改时间：".date("j F Y H:i",filemtime($fileInfo))."<br/>";
        echo "是否为可执行文件：".(is_executable($fileInfo)?"是":"否")."<br/>";
        echo "是否为链接(Link)：".(is_link($fileInfo)?"是":"否")."<br/>";
        echo "是否可读：".(is_readable($fileInfo)?"是":"否")."<br/>";
        echo "是否可写：".(is_writable($fileInfo)?"是":"否")."<br/>";
        echo "文件绝对路径"：realpath($fileInfo);
'
2016-02-22 11:57:54---'echo "最近访问时间：".date("j F Y H:i",fileatime($fileInfo))."<br/>";
        echo "最近修改时间：".date("j F Y H:i",filemtime($fileInfo))."<br/>";
        echo "是否为可执行文件：".(is_executable($fileInfo)?"是":"否")."<br/>";
        echo "是否为链接(Link)：".(is_link($fileInfo)?"是":"否")."<br/>";
        echo "是否可读：".(is_readable($fileInfo)?"是":"否")."<br/>";
        echo "是否可写：".(is_writable($fileInfo)?"是":"否")."<br/>";
        echo "文件绝对路径"：realpath($fileInfo);echo "最近访问时间：".date("j F Y H:i",fileatime($fileInfo))."<br/>";
        echo "最近修改时间：".date("j F Y H:i",filemtime($fileInfo))."<br/>";
        echo "是否为可执行文件：".(is_executable($fileInfo)?"是":"否")."<br/>";
        echo "是否为链接(Link)：".(is_link($fileInfo)?"是":"否")."<br/>";
        echo "是否可读：".(is_readable($fileInfo)?"是":"否")."<br/>";
        echo "是否可写：".(is_writable($fileInfo)?"是":"否")."<br/>";
        echo "文件绝对路径"：realpath($fileInfo);echo "最近访问时间：".date("j F Y H:i",fileatime($fileInfo))."<br/>";
        echo "最近修改时间：".date("j F Y H:i",filemtime($fileInfo))."<br/>";
        echo "是否为可执行文件：".(is_executable($fileInfo)?"是":"否")."<br/>";
        echo "是否为链接(Link)：".(is_link($fileInfo)?"是":"否")."<br/>";
        echo "是否可读：".(is_readable($fileInfo)?"是":"否")."<br/>";
        echo "是否可写：".(is_writable($fileInfo)?"是":"否")."<br/>";
        echo "文件绝对路径"：realpath($fileInfo);echo "最近访问时间：".date("j F Y H:i",fileatime($fileInfo))."<br/>";
        echo "最近修改时间：".date("j F Y H:i",filemtime($fileInfo))."<br/>";
        echo "是否为可执行文件：".(is_executable($fileInfo)?"是":"否")."<br/>";
        echo "是否为链接(Link)：".(is_link($fileInfo)?"是":"否")."<br/>";
        echo "是否可读：".(is_readable($fileInfo)?"是":"否")."<br/>";
        echo "是否可写：".(is_writable($fileInfo)?"是":"否")."<br/>";
        echo "文件绝对路径"：realpath($fileInfo);
'
2016-02-22 11:57:55---'echo "最近访问时间：".date("j F Y H:i",fileatime($fileInfo))."<br/>";
        echo "最近修改时间：".date("j F Y H:i",filemtime($fileInfo))."<br/>";
        echo "是否为可执行文件：".(is_executable($fileInfo)?"是":"否")."<br/>";
        echo "是否为链接(Link)：".(is_link($fileInfo)?"是":"否")."<br/>";
        echo "是否可读：".(is_readable($fileInfo)?"是":"否")."<br/>";
        echo "是否可写：".(is_writable($fileInfo)?"是":"否")."<br/>";
        echo "文件绝对路径"：realpath($fileInfo);echo "最近访问时间：".date("j F Y H:i",fileatime($fileInfo))."<br/>";
        echo "最近修改时间：".date("j F Y H:i",filemtime($fileInfo))."<br/>";
        echo "是否为可执行文件：".(is_executable($fileInfo)?"是":"否")."<br/>";
        echo "是否为链接(Link)：".(is_link($fileInfo)?"是":"否")."<br/>";
        echo "是否可读：".(is_readable($fileInfo)?"是":"否")."<br/>";
        echo "是否可写：".(is_writable($fileInfo)?"是":"否")."<br/>";
        echo "文件绝对路径"：realpath($fileInfo);echo "最近访问时间：".date("j F Y H:i",fileatime($fileInfo))."<br/>";
        echo "最近修改时间：".date("j F Y H:i",filemtime($fileInfo))."<br/>";
        echo "是否为可执行文件：".(is_executable($fileInfo)?"是":"否")."<br/>";
        echo "是否为链接(Link)：".(is_link($fileInfo)?"是":"否")."<br/>";
        echo "是否可读：".(is_readable($fileInfo)?"是":"否")."<br/>";
        echo "是否可写：".(is_writable($fileInfo)?"是":"否")."<br/>";
        echo "文件绝对路径"：realpath($fileInfo);echo "最近访问时间：".date("j F Y H:i",fileatime($fileInfo))."<br/>";
        echo "最近修改时间：".date("j F Y H:i",filemtime($fileInfo))."<br/>";
        echo "是否为可执行文件：".(is_executable($fileInfo)?"是":"否")."<br/>";
        echo "是否为链接(Link)：".(is_link($fileInfo)?"是":"否")."<br/>";
        echo "是否可读：".(is_readable($fileInfo)?"是":"否")."<br/>";
        echo "是否可写：".(is_writable($fileInfo)?"是":"否")."<br/>";
        echo "文件绝对路径"：realpath($fileInfo);
'
2016-02-22 11:58:01---'echo "最近访问时间：".date("j F Y H:i",fileatime($fileInfo))."<br/>";
        echo "最近修改时间：".date("j F Y H:i",filemtime($fileInfo))."<br/>";
        echo "是否为可执行文件：".(is_executable($fileInfo)?"是":"否")."<br/>";
        echo "是否为链接(Link)：".(is_link($fileInfo)?"是":"否")."<br/>";
        echo "是否可读：".(is_readable($fileInfo)?"是":"否")."<br/>";
        echo "是否可写：".(is_writable($fileInfo)?"是":"否")."<br/>";
        echo "文件绝对路径"：realpath($fileInfo);echo "最近访问时间：".date("j F Y H:i",fileatime($fileInfo))."<br/>";
        echo "最近修改时间：".date("j F Y H:i",filemtime($fileInfo))."<br/>";
        echo "是否为可执行文件：".(is_executable($fileInfo)?"是":"否")."<br/>";
        echo "是否为链接(Link)：".(is_link($fileInfo)?"是":"否")."<br/>";
        echo "是否可读：".(is_readable($fileInfo)?"是":"否")."<br/>";
        echo "是否可写：".(is_writable($fileInfo)?"是":"否")."<br/>";
        echo "文件绝对路径"：realpath($fileInfo);echo "最近访问时间：".date("j F Y H:i",fileatime($fileInfo))."<br/>";
        echo "最近修改时间：".date("j F Y H:i",filemtime($fileInfo))."<br/>";
        echo "是否为可执行文件：".(is_executable($fileInfo)?"是":"否")."<br/>";
        echo "是否为链接(Link)：".(is_link($fileInfo)?"是":"否")."<br/>";
        echo "是否可读：".(is_readable($fileInfo)?"是":"否")."<br/>";
        echo "是否可写：".(is_writable($fileInfo)?"是":"否")."<br/>";
        echo "文件绝对路径"：realpath($fileInfo);echo "最近访问时间：".date("j F Y H:i",fileatime($fileInfo))."<br/>";
        echo "最近修改时间：".date("j F Y H:i",filemtime($fileInfo))."<br/>";
        echo "是否为可执行文件：".(is_executable($fileInfo)?"是":"否")."<br/>";
        echo "是否为链接(Link)：".(is_link($fileInfo)?"是":"否")."<br/>";
        echo "是否可读：".(is_readable($fileInfo)?"是":"否")."<br/>";
        echo "是否可写：".(is_writable($fileInfo)?"是":"否")."<br/>";
        echo "文件绝对路径"：realpath($fileInfo);
'
2016-02-22 11:58:01---'echo "最近访问时间：".date("j F Y H:i",fileatime($fileInfo))."<br/>";
        echo "最近修改时间：".date("j F Y H:i",filemtime($fileInfo))."<br/>";
        echo "是否为可执行文件：".(is_executable($fileInfo)?"是":"否")."<br/>";
        echo "是否为链接(Link)：".(is_link($fileInfo)?"是":"否")."<br/>";
        echo "是否可读：".(is_readable($fileInfo)?"是":"否")."<br/>";
        echo "是否可写：".(is_writable($fileInfo)?"是":"否")."<br/>";
        echo "文件绝对路径"：realpath($fileInfo);echo "最近访问时间：".date("j F Y H:i",fileatime($fileInfo))."<br/>";
        echo "最近修改时间：".date("j F Y H:i",filemtime($fileInfo))."<br/>";
        echo "是否为可执行文件：".(is_executable($fileInfo)?"是":"否")."<br/>";
        echo "是否为链接(Link)：".(is_link($fileInfo)?"是":"否")."<br/>";
        echo "是否可读：".(is_readable($fileInfo)?"是":"否")."<br/>";
        echo "是否可写：".(is_writable($fileInfo)?"是":"否")."<br/>";
        echo "文件绝对路径"：realpath($fileInfo);echo "最近访问时间：".date("j F Y H:i",fileatime($fileInfo))."<br/>";
        echo "最近修改时间：".date("j F Y H:i",filemtime($fileInfo))."<br/>";
        echo "是否为可执行文件：".(is_executable($fileInfo)?"是":"否")."<br/>";
        echo "是否为链接(Link)：".(is_link($fileInfo)?"是":"否")."<br/>";
        echo "是否可读：".(is_readable($fileInfo)?"是":"否")."<br/>";
        echo "是否可写：".(is_writable($fileInfo)?"是":"否")."<br/>";
        echo "文件绝对路径"：realpath($fileInfo);echo "最近访问时间：".date("j F Y H:i",fileatime($fileInfo))."<br/>";
        echo "最近修改时间：".date("j F Y H:i",filemtime($fileInfo))."<br/>";
        echo "是否为可执行文件：".(is_executable($fileInfo)?"是":"否")."<br/>";
        echo "是否为链接(Link)：".(is_link($fileInfo)?"是":"否")."<br/>";
        echo "是否可读：".(is_readable($fileInfo)?"是":"否")."<br/>";
        echo "是否可写：".(is_writable($fileInfo)?"是":"否")."<br/>";
        echo "文件绝对路径"：realpath($fileInfo);
'
2016-02-22 11:58:01---'echo "最近访问时间：".date("j F Y H:i",fileatime($fileInfo))."<br/>";
        echo "最近修改时间：".date("j F Y H:i",filemtime($fileInfo))."<br/>";
        echo "是否为可执行文件：".(is_executable($fileInfo)?"是":"否")."<br/>";
        echo "是否为链接(Link)：".(is_link($fileInfo)?"是":"否")."<br/>";
        echo "是否可读：".(is_readable($fileInfo)?"是":"否")."<br/>";
        echo "是否可写：".(is_writable($fileInfo)?"是":"否")."<br/>";
        echo "文件绝对路径"：realpath($fileInfo);echo "最近访问时间：".date("j F Y H:i",fileatime($fileInfo))."<br/>";
        echo "最近修改时间：".date("j F Y H:i",filemtime($fileInfo))."<br/>";
        echo "是否为可执行文件：".(is_executable($fileInfo)?"是":"否")."<br/>";
        echo "是否为链接(Link)：".(is_link($fileInfo)?"是":"否")."<br/>";
        echo "是否可读：".(is_readable($fileInfo)?"是":"否")."<br/>";
        echo "是否可写：".(is_writable($fileInfo)?"是":"否")."<br/>";
        echo "文件绝对路径"：realpath($fileInfo);echo "最近访问时间：".date("j F Y H:i",fileatime($fileInfo))."<br/>";
        echo "最近修改时间：".date("j F Y H:i",filemtime($fileInfo))."<br/>";
        echo "是否为可执行文件：".(is_executable($fileInfo)?"是":"否")."<br/>";
        echo "是否为链接(Link)：".(is_link($fileInfo)?"是":"否")."<br/>";
        echo "是否可读：".(is_readable($fileInfo)?"是":"否")."<br/>";
        echo "是否可写：".(is_writable($fileInfo)?"是":"否")."<br/>";
        echo "文件绝对路径"：realpath($fileInfo);echo "最近访问时间：".date("j F Y H:i",fileatime($fileInfo))."<br/>";
        echo "最近修改时间：".date("j F Y H:i",filemtime($fileInfo))."<br/>";
        echo "是否为可执行文件：".(is_executable($fileInfo)?"是":"否")."<br/>";
        echo "是否为链接(Link)：".(is_link($fileInfo)?"是":"否")."<br/>";
        echo "是否可读：".(is_readable($fileInfo)?"是":"否")."<br/>";
        echo "是否可写：".(is_writable($fileInfo)?"是":"否")."<br/>";
        echo "文件绝对路径"：realpath($fileInfo);
'
2016-02-22 11:58:01---'echo "最近访问时间：".date("j F Y H:i",fileatime($fileInfo))."<br/>";
        echo "最近修改时间：".date("j F Y H:i",filemtime($fileInfo))."<br/>";
        echo "是否为可执行文件：".(is_executable($fileInfo)?"是":"否")."<br/>";
        echo "是否为链接(Link)：".(is_link($fileInfo)?"是":"否")."<br/>";
        echo "是否可读：".(is_readable($fileInfo)?"是":"否")."<br/>";
        echo "是否可写：".(is_writable($fileInfo)?"是":"否")."<br/>";
        echo "文件绝对路径"：realpath($fileInfo);echo "最近访问时间：".date("j F Y H:i",fileatime($fileInfo))."<br/>";
        echo "最近修改时间：".date("j F Y H:i",filemtime($fileInfo))."<br/>";
        echo "是否为可执行文件：".(is_executable($fileInfo)?"是":"否")."<br/>";
        echo "是否为链接(Link)：".(is_link($fileInfo)?"是":"否")."<br/>";
        echo "是否可读：".(is_readable($fileInfo)?"是":"否")."<br/>";
        echo "是否可写：".(is_writable($fileInfo)?"是":"否")."<br/>";
        echo "文件绝对路径"：realpath($fileInfo);echo "最近访问时间：".date("j F Y H:i",fileatime($fileInfo))."<br/>";
        echo "最近修改时间：".date("j F Y H:i",filemtime($fileInfo))."<br/>";
        echo "是否为可执行文件：".(is_executable($fileInfo)?"是":"否")."<br/>";
        echo "是否为链接(Link)：".(is_link($fileInfo)?"是":"否")."<br/>";
        echo "是否可读：".(is_readable($fileInfo)?"是":"否")."<br/>";
        echo "是否可写：".(is_writable($fileInfo)?"是":"否")."<br/>";
        echo "文件绝对路径"：realpath($fileInfo);echo "最近访问时间：".date("j F Y H:i",fileatime($fileInfo))."<br/>";
        echo "最近修改时间：".date("j F Y H:i",filemtime($fileInfo))."<br/>";
        echo "是否为可执行文件：".(is_executable($fileInfo)?"是":"否")."<br/>";
        echo "是否为链接(Link)：".(is_link($fileInfo)?"是":"否")."<br/>";
        echo "是否可读：".(is_readable($fileInfo)?"是":"否")."<br/>";
        echo "是否可写：".(is_writable($fileInfo)?"是":"否")."<br/>";
        echo "文件绝对路径"：realpath($fileInfo);
'
2016-02-22 11:58:02---'echo "最近访问时间：".date("j F Y H:i",fileatime($fileInfo))."<br/>";
        echo "最近修改时间：".date("j F Y H:i",filemtime($fileInfo))."<br/>";
        echo "是否为可执行文件：".(is_executable($fileInfo)?"是":"否")."<br/>";
        echo "是否为链接(Link)：".(is_link($fileInfo)?"是":"否")."<br/>";
        echo "是否可读：".(is_readable($fileInfo)?"是":"否")."<br/>";
        echo "是否可写：".(is_writable($fileInfo)?"是":"否")."<br/>";
        echo "文件绝对路径"：realpath($fileInfo);echo "最近访问时间：".date("j F Y H:i",fileatime($fileInfo))."<br/>";
        echo "最近修改时间：".date("j F Y H:i",filemtime($fileInfo))."<br/>";
        echo "是否为可执行文件：".(is_executable($fileInfo)?"是":"否")."<br/>";
        echo "是否为链接(Link)：".(is_link($fileInfo)?"是":"否")."<br/>";
        echo "是否可读：".(is_readable($fileInfo)?"是":"否")."<br/>";
        echo "是否可写：".(is_writable($fileInfo)?"是":"否")."<br/>";
        echo "文件绝对路径"：realpath($fileInfo);echo "最近访问时间：".date("j F Y H:i",fileatime($fileInfo))."<br/>";
        echo "最近修改时间：".date("j F Y H:i",filemtime($fileInfo))."<br/>";
        echo "是否为可执行文件：".(is_executable($fileInfo)?"是":"否")."<br/>";
        echo "是否为链接(Link)：".(is_link($fileInfo)?"是":"否")."<br/>";
        echo "是否可读：".(is_readable($fileInfo)?"是":"否")."<br/>";
        echo "是否可写：".(is_writable($fileInfo)?"是":"否")."<br/>";
        echo "文件绝对路径"：realpath($fileInfo);echo "最近访问时间：".date("j F Y H:i",fileatime($fileInfo))."<br/>";
        echo "最近修改时间：".date("j F Y H:i",filemtime($fileInfo))."<br/>";
        echo "是否为可执行文件：".(is_executable($fileInfo)?"是":"否")."<br/>";
        echo "是否为链接(Link)：".(is_link($fileInfo)?"是":"否")."<br/>";
        echo "是否可读：".(is_readable($fileInfo)?"是":"否")."<br/>";
        echo "是否可写：".(is_writable($fileInfo)?"是":"否")."<br/>";
        echo "文件绝对路径"：realpath($fileInfo);
'
2016-02-22 11:58:07---'echo "最近访问时间：".date("j F Y H:i",fileatime($fileInfo))."<br/>";
        echo "最近修改时间：".date("j F Y H:i",filemtime($fileInfo))."<br/>";
        echo "是否为可执行文件：".(is_executable($fileInfo)?"是":"否")."<br/>";
        echo "是否为链接(Link)：".(is_link($fileInfo)?"是":"否")."<br/>";
        echo "是否可读：".(is_readable($fileInfo)?"是":"否")."<br/>";
        echo "是否可写：".(is_writable($fileInfo)?"是":"否")."<br/>";
        echo "文件绝对路径"：realpath($fileInfo);echo "最近访问时间：".date("j F Y H:i",fileatime($fileInfo))."<br/>";
        echo "最近修改时间：".date("j F Y H:i",filemtime($fileInfo))."<br/>";
        echo "是否为可执行文件：".(is_executable($fileInfo)?"是":"否")."<br/>";
        echo "是否为链接(Link)：".(is_link($fileInfo)?"是":"否")."<br/>";
        echo "是否可读：".(is_readable($fileInfo)?"是":"否")."<br/>";
        echo "是否可写：".(is_writable($fileInfo)?"是":"否")."<br/>";
        echo "文件绝对路径"：realpath($fileInfo);echo "最近访问时间：".date("j F Y H:i",fileatime($fileInfo))."<br/>";
        echo "最近修改时间：".date("j F Y H:i",filemtime($fileInfo))."<br/>";
        echo "是否为可执行文件：".(is_executable($fileInfo)?"是":"否")."<br/>";
        echo "是否为链接(Link)：".(is_link($fileInfo)?"是":"否")."<br/>";
        echo "是否可读：".(is_readable($fileInfo)?"是":"否")."<br/>";
        echo "是否可写：".(is_writable($fileInfo)?"是":"否")."<br/>";
        echo "文件绝对路径"：realpath($fileInfo);echo "最近访问时间：".date("j F Y H:i",fileatime($fileInfo))."<br/>";
        echo "最近修改时间：".date("j F Y H:i",filemtime($fileInfo))."<br/>";
        echo "是否为可执行文件：".(is_executable($fileInfo)?"是":"否")."<br/>";
        echo "是否为链接(Link)：".(is_link($fileInfo)?"是":"否")."<br/>";
        echo "是否可读：".(is_readable($fileInfo)?"是":"否")."<br/>";
        echo "是否可写：".(is_writable($fileInfo)?"是":"否")."<br/>";
        echo "文件绝对路径"：realpath($fileInfo);
'
2016-02-22 11:58:07---'echo "最近访问时间：".date("j F Y H:i",fileatime($fileInfo))."<br/>";
        echo "最近修改时间：".date("j F Y H:i",filemtime($fileInfo))."<br/>";
        echo "是否为可执行文件：".(is_executable($fileInfo)?"是":"否")."<br/>";
        echo "是否为链接(Link)：".(is_link($fileInfo)?"是":"否")."<br/>";
        echo "是否可读：".(is_readable($fileInfo)?"是":"否")."<br/>";
        echo "是否可写：".(is_writable($fileInfo)?"是":"否")."<br/>";
        echo "文件绝对路径"：realpath($fileInfo);echo "最近访问时间：".date("j F Y H:i",fileatime($fileInfo))."<br/>";
        echo "最近修改时间：".date("j F Y H:i",filemtime($fileInfo))."<br/>";
        echo "是否为可执行文件：".(is_executable($fileInfo)?"是":"否")."<br/>";
        echo "是否为链接(Link)：".(is_link($fileInfo)?"是":"否")."<br/>";
        echo "是否可读：".(is_readable($fileInfo)?"是":"否")."<br/>";
        echo "是否可写：".(is_writable($fileInfo)?"是":"否")."<br/>";
        echo "文件绝对路径"：realpath($fileInfo);echo "最近访问时间：".date("j F Y H:i",fileatime($fileInfo))."<br/>";
        echo "最近修改时间：".date("j F Y H:i",filemtime($fileInfo))."<br/>";
        echo "是否为可执行文件：".(is_executable($fileInfo)?"是":"否")."<br/>";
        echo "是否为链接(Link)：".(is_link($fileInfo)?"是":"否")."<br/>";
        echo "是否可读：".(is_readable($fileInfo)?"是":"否")."<br/>";
        echo "是否可写：".(is_writable($fileInfo)?"是":"否")."<br/>";
        echo "文件绝对路径"：realpath($fileInfo);echo "最近访问时间：".date("j F Y H:i",fileatime($fileInfo))."<br/>";
        echo "最近修改时间：".date("j F Y H:i",filemtime($fileInfo))."<br/>";
        echo "是否为可执行文件：".(is_executable($fileInfo)?"是":"否")."<br/>";
        echo "是否为链接(Link)：".(is_link($fileInfo)?"是":"否")."<br/>";
        echo "是否可读：".(is_readable($fileInfo)?"是":"否")."<br/>";
        echo "是否可写：".(is_writable($fileInfo)?"是":"否")."<br/>";
        echo "文件绝对路径"：realpath($fileInfo);
'
2016-02-22 11:58:07---'echo "最近访问时间：".date("j F Y H:i",fileatime($fileInfo))."<br/>";
        echo "最近修改时间：".date("j F Y H:i",filemtime($fileInfo))."<br/>";
        echo "是否为可执行文件：".(is_executable($fileInfo)?"是":"否")."<br/>";
        echo "是否为链接(Link)：".(is_link($fileInfo)?"是":"否")."<br/>";
        echo "是否可读：".(is_readable($fileInfo)?"是":"否")."<br/>";
        echo "是否可写：".(is_writable($fileInfo)?"是":"否")."<br/>";
        echo "文件绝对路径"：realpath($fileInfo);echo "最近访问时间：".date("j F Y H:i",fileatime($fileInfo))."<br/>";
        echo "最近修改时间：".date("j F Y H:i",filemtime($fileInfo))."<br/>";
        echo "是否为可执行文件：".(is_executable($fileInfo)?"是":"否")."<br/>";
        echo "是否为链接(Link)：".(is_link($fileInfo)?"是":"否")."<br/>";
        echo "是否可读：".(is_readable($fileInfo)?"是":"否")."<br/>";
        echo "是否可写：".(is_writable($fileInfo)?"是":"否")."<br/>";
        echo "文件绝对路径"：realpath($fileInfo);echo "最近访问时间：".date("j F Y H:i",fileatime($fileInfo))."<br/>";
        echo "最近修改时间：".date("j F Y H:i",filemtime($fileInfo))."<br/>";
        echo "是否为可执行文件：".(is_executable($fileInfo)?"是":"否")."<br/>";
        echo "是否为链接(Link)：".(is_link($fileInfo)?"是":"否")."<br/>";
        echo "是否可读：".(is_readable($fileInfo)?"是":"否")."<br/>";
        echo "是否可写：".(is_writable($fileInfo)?"是":"否")."<br/>";
        echo "文件绝对路径"：realpath($fileInfo);echo "最近访问时间：".date("j F Y H:i",fileatime($fileInfo))."<br/>";
        echo "最近修改时间：".date("j F Y H:i",filemtime($fileInfo))."<br/>";
        echo "是否为可执行文件：".(is_executable($fileInfo)?"是":"否")."<br/>";
        echo "是否为链接(Link)：".(is_link($fileInfo)?"是":"否")."<br/>";
        echo "是否可读：".(is_readable($fileInfo)?"是":"否")."<br/>";
        echo "是否可写：".(is_writable($fileInfo)?"是":"否")."<br/>";
        echo "文件绝对路径"：realpath($fileInfo);
'
2016-02-22 11:58:08---'echo "最近访问时间：".date("j F Y H:i",fileatime($fileInfo))."<br/>";
        echo "最近修改时间：".date("j F Y H:i",filemtime($fileInfo))."<br/>";
        echo "是否为可执行文件：".(is_executable($fileInfo)?"是":"否")."<br/>";
        echo "是否为链接(Link)：".(is_link($fileInfo)?"是":"否")."<br/>";
        echo "是否可读：".(is_readable($fileInfo)?"是":"否")."<br/>";
        echo "是否可写：".(is_writable($fileInfo)?"是":"否")."<br/>";
        echo "文件绝对路径"：realpath($fileInfo);echo "最近访问时间：".date("j F Y H:i",fileatime($fileInfo))."<br/>";
        echo "最近修改时间：".date("j F Y H:i",filemtime($fileInfo))."<br/>";
        echo "是否为可执行文件：".(is_executable($fileInfo)?"是":"否")."<br/>";
        echo "是否为链接(Link)：".(is_link($fileInfo)?"是":"否")."<br/>";
        echo "是否可读：".(is_readable($fileInfo)?"是":"否")."<br/>";
        echo "是否可写：".(is_writable($fileInfo)?"是":"否")."<br/>";
        echo "文件绝对路径"：realpath($fileInfo);echo "最近访问时间：".date("j F Y H:i",fileatime($fileInfo))."<br/>";
        echo "最近修改时间：".date("j F Y H:i",filemtime($fileInfo))."<br/>";
        echo "是否为可执行文件：".(is_executable($fileInfo)?"是":"否")."<br/>";
        echo "是否为链接(Link)：".(is_link($fileInfo)?"是":"否")."<br/>";
        echo "是否可读：".(is_readable($fileInfo)?"是":"否")."<br/>";
        echo "是否可写：".(is_writable($fileInfo)?"是":"否")."<br/>";
        echo "文件绝对路径"：realpath($fileInfo);echo "最近访问时间：".date("j F Y H:i",fileatime($fileInfo))."<br/>";
        echo "最近修改时间：".date("j F Y H:i",filemtime($fileInfo))."<br/>";
        echo "是否为可执行文件：".(is_executable($fileInfo)?"是":"否")."<br/>";
        echo "是否为链接(Link)：".(is_link($fileInfo)?"是":"否")."<br/>";
        echo "是否可读：".(is_readable($fileInfo)?"是":"否")."<br/>";
        echo "是否可写：".(is_writable($fileInfo)?"是":"否")."<br/>";
        echo "文件绝对路径"：realpath($fileInfo);
'
