2016-02-22 14:18:21---'测试'
2016-02-22 14:18:25---'测试'
2016-02-22 14:20:19---/amos/class/Log/log.php---'测试'
2016-02-22 14:21:12---/amos/class/Log/log.php---'测试'
2016-02-22 14:22:38---Array---'测试'
2016-02-22 14:22:59---log.php---'测试'
2016-02-22 14:23:50---Array---'测试'
2016-02-22 14:24:15---Array---'测试'
2016-02-22 14:24:47---log.php---'测试'
2016-02-22 14:26:23------'测试'
2016-02-22 14:26:43---log.php---'测试'
2016-02-22 14:32:38---log.php---'测试'
2016-02-22 14:33:25---log.php49---'测试'
2016-02-22 14:33:27---log.php49---'测试'
2016-02-22 14:35:35---log.php:1---'测试'
2016-02-22 14:36:45------'测试'
2016-02-22 14:37:03---log.php:11---'测试'
2016-02-22 14:37:42---log.php:12---array (
  'name' => 'amos',
)
